<!DOCTYPE html>

<html>
  <head>
  <meta charset='utf-8'>
  <title>TestNG reports</title>

    <link type="text/css" href="testng-reports1.css" rel="stylesheet" id="ultra" />
    <link type="text/css" href="testng-reports.css" rel="stylesheet" id="retro" disabled="false"/>
    <script type="text/javascript" src="jquery-3.6.0.min.js"></script>
    <script type="text/javascript" src="testng-reports.js"></script>
    <script type="text/javascript" src="https://www.google.com/jsapi"></script>
    <script type='text/javascript'>
      google.load('visualization', '1', {packages:['table']});
      google.setOnLoadCallback(drawTable);
      var suiteTableInitFunctions = new Array();
      var suiteTableData = new Array();
    </script>
    <!--
      <script type="text/javascript" src="jquery-ui/js/jquery-ui-1.8.16.custom.min.js"></script>
     -->
  </head>

  <body>    <div class="top-banner-root">
      <span class="top-banner-title-font">Test results</span>
      <button id="button" class="button">Switch Retro Theme</button> <!-- button -->
      <br/>
      <span class="top-banner-font-1">1 suite</span>
    </div> <!-- top-banner-root -->
    <div class="navigator-root">
      <div class="navigator-suite-header">
        <span>All suites</span>
        <a href="#" title="Collapse/expand all the suites" class="collapse-all-link">
          <img src="collapseall.gif" class="collapse-all-icon">
          </img> <!-- collapse-all-icon -->
        </a> <!-- collapse-all-link -->
      </div> <!-- navigator-suite-header -->
      <div class="suite">
        <div class="rounded-window">
          <div class="suite-header light-rounded-window-top">
            <a href="#" panel-name="suite-Suite" class="navigator-link">
              <span class="suite-name border-skipped">Suite</span>
            </a> <!-- navigator-link -->
          </div> <!-- suite-header light-rounded-window-top -->
          <div class="navigator-suite-content">
            <div class="suite-section-title">
              <span>Info</span>
            </div> <!-- suite-section-title -->
            <div class="suite-section-content">
              <ul>
                <li>
                  <a href="#" panel-name="test-xml-Suite" class="navigator-link ">
                    <span>C:\Users\LENOVO\Downloads\TripGain-main (1)\TripGain-main\testng.xml</span>
                  </a> <!-- navigator-link  -->
                </li>
                <li>
                  <a href="#" panel-name="testlist-Suite" class="navigator-link ">
                    <span class="test-stats">5 tests</span>
                  </a> <!-- navigator-link  -->
                </li>
                <li>
                  <a href="#" panel-name="group-Suite" class="navigator-link ">
                    <span>0 groups</span>
                  </a> <!-- navigator-link  -->
                </li>
                <li>
                  <a href="#" panel-name="times-Suite" class="navigator-link ">
                    <span>Times</span>
                  </a> <!-- navigator-link  -->
                </li>
                <li>
                  <a href="#" panel-name="reporter-Suite" class="navigator-link ">
                    <span>Reporter output</span>
                  </a> <!-- navigator-link  -->
                </li>
                <li>
                  <a href="#" panel-name="ignored-methods-Suite" class="navigator-link ">
                    <span>Ignored methods</span>
                  </a> <!-- navigator-link  -->
                </li>
                <li>
                  <a href="#" panel-name="chronological-Suite" class="navigator-link ">
                    <span>Chronological view</span>
                  </a> <!-- navigator-link  -->
                </li>
              </ul>
            </div> <!-- suite-section-content -->
            <div class="result-section">
              <div class="suite-section-title">
                <span>Results</span>
              </div> <!-- suite-section-title -->
              <div class="suite-section-content">
                <ul>
                  <li>
                    <span class="method-stats">16 methods,  16 skipped,  </span>
                  </li>
                  <li>
                    <span class="method-list-title skipped">Skipped methods</span>
                    <span class="show-or-hide-methods skipped">
                      <a href="#" panel-name="suite-Suite" class="hide-methods skipped suite-Suite"> (hide)</a> <!-- hide-methods skipped suite-Suite -->
                      <a href="#" panel-name="suite-Suite" class="show-methods skipped suite-Suite"> (show)</a> <!-- show-methods skipped suite-Suite -->
                    </span>
                    <div class="method-list-content skipped suite-Suite">
                      <span>
                        <img src="skipped.png" width="3%"/>
                        <a href="#" panel-name="suite-Suite" title="com.tripgain.hotaltestscripts.TCH_03_VerifySearchFunctionalityForHotalForTenDays" class="method navigator-link" hash-for-method="myTest({roomCount=2, UserName=testtraveller98@tripgain.com, adultCount=3, TestRun=, ChildAge=1, index=1, ch...)">myTest({roomCount=2, UserName=testtraveller98@tripgain.com, adultCount=3, TestRun=, ChildAge=1, index=1, ch...)</a> <!-- method navigator-link -->
                      </span>
                      <br/>
                      <span>
                        <img src="skipped.png" width="3%"/>
                        <a href="#" panel-name="suite-Suite" title="com.tripgain.hotaltestscripts.TCH_07_VerifySearchByHotelCurrency" class="method navigator-link" hash-for-method="myTest({roomCount=1, UserRating=Very Good: 3.5+, UserRatingNumber=3.5, UserName=testtraveller98@tripgain.co...)">myTest({roomCount=1, UserRating=Very Good: 3.5+, UserRatingNumber=3.5, UserName=testtraveller98@tripgain.co...)</a> <!-- method navigator-link -->
                      </span>
                      <br/>
                      <span>
                        <img src="skipped.png" width="3%"/>
                        <a href="#" panel-name="suite-Suite" title="com.tripgain.hotaltestscripts.TCH_04_VerifySearchFunctionalityForHotalForTwoDayTillBookingPage" class="method navigator-link" hash-for-method="myTest({roomCount=1, UserName=testtraveller98@tripgain.com, adultCount=2, TestRun=, ChildAge=1, index=1, ch...)">myTest({roomCount=1, UserName=testtraveller98@tripgain.com, adultCount=2, TestRun=, ChildAge=1, index=1, ch...)</a> <!-- method navigator-link -->
                      </span>
                      <br/>
                      <span>
                        <img src="skipped.png" width="3%"/>
                        <a href="#" panel-name="suite-Suite" title="com.tripgain.hotaltestscripts.TCH_02_VerifySearchFunctionalityForHotalForFiveDays" class="method navigator-link" hash-for-method="myTest({roomCount=2, UserName=testtraveller98@tripgain.com, adultCount=2, TestRun=, ChildAge=2, index=1, ch...)">myTest({roomCount=2, UserName=testtraveller98@tripgain.com, adultCount=2, TestRun=, ChildAge=2, index=1, ch...)</a> <!-- method navigator-link -->
                      </span>
                      <br/>
                      <span>
                        <img src="skipped.png" width="3%"/>
                        <a href="#" panel-name="suite-Suite" title="com.tripgain.hotaltestscripts.TCH_04_VerifySearchFunctionalityForHotalForTwoDayTillBookingPage" class="method navigator-link" hash-for-method="myTest({roomCount=2, UserName=testtraveller98@tripgain.com, adultCount=2, TestRun=, ChildAge=2, index=1, ch...)">myTest({roomCount=2, UserName=testtraveller98@tripgain.com, adultCount=2, TestRun=, ChildAge=2, index=1, ch...)</a> <!-- method navigator-link -->
                      </span>
                      <br/>
                      <span>
                        <img src="skipped.png" width="3%"/>
                        <a href="#" panel-name="suite-Suite" title="com.tripgain.hotaltestscripts.TCH_06_VerifySearchByHotelAddressFunctionality" class="method navigator-link" hash-for-method="myTest({roomCount=2, UserName=testtraveller98@tripgain.com, adultCount=1, ChildAge=2, index=1, childCount=1...)">myTest({roomCount=2, UserName=testtraveller98@tripgain.com, adultCount=1, ChildAge=2, index=1, childCount=1...)</a> <!-- method navigator-link -->
                      </span>
                      <br/>
                      <span>
                        <img src="skipped.png" width="3%"/>
                        <a href="#" panel-name="suite-Suite" title="com.tripgain.hotaltestscripts.TCH_08_VerifySearchByHotel" class="method navigator-link" hash-for-method="myTest({roomCount=1, Policy=In Policy, UserName=testtraveller98@tripgain.com, adultCount=2, TestRun=, Child...)">myTest({roomCount=1, Policy=In Policy, UserName=testtraveller98@tripgain.com, adultCount=2, TestRun=, Child...)</a> <!-- method navigator-link -->
                      </span>
                      <br/>
                      <span>
                        <img src="skipped.png" width="3%"/>
                        <a href="#" panel-name="suite-Suite" title="com.tripgain.hotaltestscripts.TCH_05_VerifySearchFunctionalityForHotalApplyingFliters" class="method navigator-link" hash-for-method="myTest({roomCount=1, Price : High to Low=Price : High to Low, UserName=testtraveller98@tripgain.com, adultC...)">myTest({roomCount=1, Price : High to Low=Price : High to Low, UserName=testtraveller98@tripgain.com, adultC...)</a> <!-- method navigator-link -->
                      </span>
                      <br/>
                      <span>
                        <img src="skipped.png" width="3%"/>
                        <a href="#" panel-name="suite-Suite" title="com.tripgain.hotaltestscripts.TCH_08_VerifySearchByHotel" class="method navigator-link" hash-for-method="myTest({roomCount=2, Policy=In Policy, UserName=testtraveller98@tripgain.com, adultCount=2, TestRun=, Child...)">myTest({roomCount=2, Policy=In Policy, UserName=testtraveller98@tripgain.com, adultCount=2, TestRun=, Child...)</a> <!-- method navigator-link -->
                      </span>
                      <br/>
                      <span>
                        <img src="skipped.png" width="3%"/>
                        <a href="#" panel-name="suite-Suite" title="com.tripgain.hotaltestscripts.TCH_07_VerifySearchByHotelCurrency" class="method navigator-link" hash-for-method="myTest({roomCount=1, UserRating=Excellent: 4+, UserRatingNumber=4, UserName=testtraveller98@tripgain.com, a...)">myTest({roomCount=1, UserRating=Excellent: 4+, UserRatingNumber=4, UserName=testtraveller98@tripgain.com, a...)</a> <!-- method navigator-link -->
                      </span>
                      <br/>
                      <span>
                        <img src="skipped.png" width="3%"/>
                        <a href="#" panel-name="suite-Suite" title="com.tripgain.hotaltestscripts.TCH_02_VerifySearchFunctionalityForHotalForFiveDays" class="method navigator-link" hash-for-method="myTest({roomCount=2, UserName=testtraveller98@tripgain.com, adultCount=3, TestRun=, ChildAge=1, index=1, ch...)">myTest({roomCount=2, UserName=testtraveller98@tripgain.com, adultCount=3, TestRun=, ChildAge=1, index=1, ch...)</a> <!-- method navigator-link -->
                      </span>
                      <br/>
                      <span>
                        <img src="skipped.png" width="3%"/>
                        <a href="#" panel-name="suite-Suite" title="com.tripgain.hotaltestscripts.TCH_01_VerifySearchFunctionalityForHotalForTwoDays" class="method navigator-link" hash-for-method="myTest({roomCount=2, UserName=testtraveller98@tripgain.com, adultCount=2, TestRun=, ChildAge=2, index=1, ch...)">myTest({roomCount=2, UserName=testtraveller98@tripgain.com, adultCount=2, TestRun=, ChildAge=2, index=1, ch...)</a> <!-- method navigator-link -->
                      </span>
                      <br/>
                      <span>
                        <img src="skipped.png" width="3%"/>
                        <a href="#" panel-name="suite-Suite" title="com.tripgain.hotaltestscripts.TCH_01_VerifySearchFunctionalityForHotalForTwoDays" class="method navigator-link" hash-for-method="myTest({roomCount=1, UserName=testtraveller98@tripgain.com, adultCount=2, TestRun=, ChildAge=1, index=1, ch...)">myTest({roomCount=1, UserName=testtraveller98@tripgain.com, adultCount=2, TestRun=, ChildAge=1, index=1, ch...)</a> <!-- method navigator-link -->
                      </span>
                      <br/>
                      <span>
                        <img src="skipped.png" width="3%"/>
                        <a href="#" panel-name="suite-Suite" title="com.tripgain.hotaltestscripts.TCH_06_VerifySearchByHotelAddressFunctionality" class="method navigator-link" hash-for-method="myTest({roomCount=1, UserName=testtraveller98@tripgain.com, adultCount=2, ChildAge=1, index=1, childCount=0...)">myTest({roomCount=1, UserName=testtraveller98@tripgain.com, adultCount=2, ChildAge=1, index=1, childCount=0...)</a> <!-- method navigator-link -->
                      </span>
                      <br/>
                      <span>
                        <img src="skipped.png" width="3%"/>
                        <a href="#" panel-name="suite-Suite" title="com.tripgain.hotaltestscripts.TCH_05_VerifySearchFunctionalityForHotalApplyingFliters" class="method navigator-link" hash-for-method="myTest({roomCount=2, Price : High to Low=Price : High to Low, UserName=testtraveller98@tripgain.com, adultC...)">myTest({roomCount=2, Price : High to Low=Price : High to Low, UserName=testtraveller98@tripgain.com, adultC...)</a> <!-- method navigator-link -->
                      </span>
                      <br/>
                      <span>
                        <img src="skipped.png" width="3%"/>
                        <a href="#" panel-name="suite-Suite" title="com.tripgain.hotaltestscripts.TCH_06_VerifySearchByHotelAddressFunctionality" class="method navigator-link" hash-for-method="myTest({roomCount=2, UserName=testtraveller98@tripgain.com, adultCount=2, ChildAge=2, index=1, childCount=1...)">myTest({roomCount=2, UserName=testtraveller98@tripgain.com, adultCount=2, ChildAge=2, index=1, childCount=1...)</a> <!-- method navigator-link -->
                      </span>
                      <br/>
                    </div> <!-- method-list-content skipped suite-Suite -->
                  </li>
                </ul>
              </div> <!-- suite-section-content -->
            </div> <!-- result-section -->
          </div> <!-- navigator-suite-content -->
        </div> <!-- rounded-window -->
      </div> <!-- suite -->
    </div> <!-- navigator-root -->
    <div class="wrapper">
      <div class="main-panel-root">
        <div panel-name="suite-Suite" class="panel Suite">
          <div class="suite-Suite-class-skipped">
            <div class="main-panel-header rounded-window-top">
              <img src="skipped.png"/>
              <span class="class-name">com.tripgain.hotaltestscripts.TCH_08_VerifySearchByHotel</span>
            </div> <!-- main-panel-header rounded-window-top -->
            <div class="main-panel-content rounded-window-bottom">
              <div class="method">
                <div class="method-content">
                  <a name="myTest({roomCount=1, Policy=In Policy, UserName=testtraveller98@tripgain.com, adultCount=2, TestRun=, Child...)">
                  </a> <!-- myTest({roomCount=1, Policy=In Policy, UserName=testtraveller98@tripgain.com, adultCount=2, TestRun=, Child...) -->
                  <span class="method-name">myTest</span>
                  <span class="parameters">({roomCount=1, Policy=In Policy, UserName=testtraveller98@tripgain.com, adultCount=2, TestRun=, ChildAge=1, index=1, childCount=0, City=Bengaluru, Karnataka, India, StarRating=5, URL=https://v3.tripgain.com/login, Password=@AM@TGA1$29TN})</span>
                  <div class="stack-trace">org.openqa.selenium.remote.NoSuchDriverException: Unable to obtain: msedgedriver, error Command failed with code: 65, executed: [--browser, MicrosoftEdge, --language-binding, java, --output, json]
error sending request for url (https://msedgedriver.azureedge.net/LATEST_RELEASE_138_WINDOWS)
Build info: version: &apos;4.29.0&apos;, revision: &apos;5fc1ec94cb&apos;
System info: os.name: &apos;Windows 11&apos;, os.arch: &apos;amd64&apos;, os.version: &apos;10.0&apos;, java.version: &apos;21.0.7&apos;
Driver info: driver.version: EdgeDriver
	at org.openqa.selenium.remote.service.DriverFinder.getBinaryPaths(DriverFinder.java:121)
	at org.openqa.selenium.remote.service.DriverFinder.getDriverPath(DriverFinder.java:55)
	at org.openqa.selenium.edge.EdgeDriver.generateExecutor(EdgeDriver.java:71)
	at org.openqa.selenium.edge.EdgeDriver.&lt;init&gt;(EdgeDriver.java:60)
	at org.openqa.selenium.edge.EdgeDriver.&lt;init&gt;(EdgeDriver.java:56)
	at org.openqa.selenium.edge.EdgeDriver.&lt;init&gt;(EdgeDriver.java:48)
	at org.openqa.selenium.edge.EdgeDriver.&lt;init&gt;(EdgeDriver.java:44)
	at com.tripgain.testscripts.BaseClass.launchBrowser(BaseClass.java:28)
	at com.tripgain.hotaltestscripts.TCH_08_VerifySearchByHotel.launchApplication(TCH_08_VerifySearchByHotel.java:188)
	at java.base/java.util.ArrayList.forEach(ArrayList.java:1596)
	at java.base/java.util.concurrent.FutureTask.run(FutureTask.java:317)
	at java.base/java.util.concurrent.ThreadPoolExecutor.runWorker(ThreadPoolExecutor.java:1144)
	at java.base/java.util.concurrent.ThreadPoolExecutor$Worker.run(ThreadPoolExecutor.java:642)
	at java.base/java.lang.Thread.run(Thread.java:1583)
Caused by: org.openqa.selenium.WebDriverException: Command failed with code: 65, executed: [--browser, MicrosoftEdge, --language-binding, java, --output, json]
error sending request for url (https://msedgedriver.azureedge.net/LATEST_RELEASE_138_WINDOWS)
Build info: version: &apos;4.29.0&apos;, revision: &apos;5fc1ec94cb&apos;
System info: os.name: &apos;Windows 11&apos;, os.arch: &apos;amd64&apos;, os.version: &apos;10.0&apos;, java.version: &apos;21.0.7&apos;
Driver info: driver.version: EdgeDriver
	at org.openqa.selenium.manager.SeleniumManager.runCommand(SeleniumManager.java:173)
	at org.openqa.selenium.manager.SeleniumManager.getBinaryPaths(SeleniumManager.java:254)
	at org.openqa.selenium.remote.service.DriverFinder.getBinaryPaths(DriverFinder.java:102)
	... 32 more
... Removed 19 stack frames
</div> <!-- stack-trace -->
                </div> <!-- method-content -->
              </div> <!-- method -->
              <div class="method">
                <div class="method-content">
                  <a name="myTest({roomCount=2, Policy=In Policy, UserName=testtraveller98@tripgain.com, adultCount=2, TestRun=, Child...)">
                  </a> <!-- myTest({roomCount=2, Policy=In Policy, UserName=testtraveller98@tripgain.com, adultCount=2, TestRun=, Child...) -->
                  <span class="method-name">myTest</span>
                  <span class="parameters">({roomCount=2, Policy=In Policy, UserName=testtraveller98@tripgain.com, adultCount=2, TestRun=, ChildAge=2, index=1, childCount=1, City=hydrerabad, Telangana, india, StarRating=4, URL=https://v3.tripgain.com/login, Password=@AM@TGA1$29TN})</span>
                  <div class="stack-trace">org.openqa.selenium.remote.NoSuchDriverException: Unable to obtain: msedgedriver, error Command failed with code: 65, executed: [--browser, MicrosoftEdge, --language-binding, java, --output, json]
error sending request for url (https://msedgedriver.azureedge.net/LATEST_RELEASE_138_WINDOWS)
Build info: version: &apos;4.29.0&apos;, revision: &apos;5fc1ec94cb&apos;
System info: os.name: &apos;Windows 11&apos;, os.arch: &apos;amd64&apos;, os.version: &apos;10.0&apos;, java.version: &apos;21.0.7&apos;
Driver info: driver.version: EdgeDriver
	at org.openqa.selenium.remote.service.DriverFinder.getBinaryPaths(DriverFinder.java:121)
	at org.openqa.selenium.remote.service.DriverFinder.getDriverPath(DriverFinder.java:55)
	at org.openqa.selenium.edge.EdgeDriver.generateExecutor(EdgeDriver.java:71)
	at org.openqa.selenium.edge.EdgeDriver.&lt;init&gt;(EdgeDriver.java:60)
	at org.openqa.selenium.edge.EdgeDriver.&lt;init&gt;(EdgeDriver.java:56)
	at org.openqa.selenium.edge.EdgeDriver.&lt;init&gt;(EdgeDriver.java:48)
	at org.openqa.selenium.edge.EdgeDriver.&lt;init&gt;(EdgeDriver.java:44)
	at com.tripgain.testscripts.BaseClass.launchBrowser(BaseClass.java:28)
	at com.tripgain.hotaltestscripts.TCH_08_VerifySearchByHotel.launchApplication(TCH_08_VerifySearchByHotel.java:188)
	at java.base/java.util.ArrayList.forEach(ArrayList.java:1596)
	at java.base/java.util.concurrent.FutureTask.run(FutureTask.java:317)
	at java.base/java.util.concurrent.ThreadPoolExecutor.runWorker(ThreadPoolExecutor.java:1144)
	at java.base/java.util.concurrent.ThreadPoolExecutor$Worker.run(ThreadPoolExecutor.java:642)
	at java.base/java.lang.Thread.run(Thread.java:1583)
Caused by: org.openqa.selenium.WebDriverException: Command failed with code: 65, executed: [--browser, MicrosoftEdge, --language-binding, java, --output, json]
error sending request for url (https://msedgedriver.azureedge.net/LATEST_RELEASE_138_WINDOWS)
Build info: version: &apos;4.29.0&apos;, revision: &apos;5fc1ec94cb&apos;
System info: os.name: &apos;Windows 11&apos;, os.arch: &apos;amd64&apos;, os.version: &apos;10.0&apos;, java.version: &apos;21.0.7&apos;
Driver info: driver.version: EdgeDriver
	at org.openqa.selenium.manager.SeleniumManager.runCommand(SeleniumManager.java:173)
	at org.openqa.selenium.manager.SeleniumManager.getBinaryPaths(SeleniumManager.java:254)
	at org.openqa.selenium.remote.service.DriverFinder.getBinaryPaths(DriverFinder.java:102)
	... 32 more
... Removed 19 stack frames
</div> <!-- stack-trace -->
                </div> <!-- method-content -->
              </div> <!-- method -->
            </div> <!-- main-panel-content rounded-window-bottom -->
          </div> <!-- suite-Suite-class-skipped -->
          <div class="suite-Suite-class-skipped">
            <div class="main-panel-header rounded-window-top">
              <img src="skipped.png"/>
              <span class="class-name">com.tripgain.hotaltestscripts.TCH_04_VerifySearchFunctionalityForHotalForTwoDayTillBookingPage</span>
            </div> <!-- main-panel-header rounded-window-top -->
            <div class="main-panel-content rounded-window-bottom">
              <div class="method">
                <div class="method-content">
                  <a name="myTest({roomCount=1, UserName=testtraveller98@tripgain.com, adultCount=2, TestRun=, ChildAge=1, index=1, ch...)">
                  </a> <!-- myTest({roomCount=1, UserName=testtraveller98@tripgain.com, adultCount=2, TestRun=, ChildAge=1, index=1, ch...) -->
                  <span class="method-name">myTest</span>
                  <span class="parameters">({roomCount=1, UserName=testtraveller98@tripgain.com, adultCount=2, TestRun=, ChildAge=1, index=1, childCount=0, City=Bengaluru, Karnataka, India, URL=https://v3.tripgain.com/login, Password=@AM@TGA1$29TN})</span>
                  <div class="stack-trace">org.openqa.selenium.remote.NoSuchDriverException: Unable to obtain: msedgedriver, error Command failed with code: 65, executed: [--browser, MicrosoftEdge, --language-binding, java, --output, json]
error sending request for url (https://msedgedriver.azureedge.net/LATEST_RELEASE_138_WINDOWS)
Build info: version: &apos;4.29.0&apos;, revision: &apos;5fc1ec94cb&apos;
System info: os.name: &apos;Windows 11&apos;, os.arch: &apos;amd64&apos;, os.version: &apos;10.0&apos;, java.version: &apos;21.0.7&apos;
Driver info: driver.version: EdgeDriver
	at org.openqa.selenium.remote.service.DriverFinder.getBinaryPaths(DriverFinder.java:121)
	at org.openqa.selenium.remote.service.DriverFinder.getDriverPath(DriverFinder.java:55)
	at org.openqa.selenium.edge.EdgeDriver.generateExecutor(EdgeDriver.java:71)
	at org.openqa.selenium.edge.EdgeDriver.&lt;init&gt;(EdgeDriver.java:60)
	at org.openqa.selenium.edge.EdgeDriver.&lt;init&gt;(EdgeDriver.java:56)
	at org.openqa.selenium.edge.EdgeDriver.&lt;init&gt;(EdgeDriver.java:48)
	at org.openqa.selenium.edge.EdgeDriver.&lt;init&gt;(EdgeDriver.java:44)
	at com.tripgain.testscripts.BaseClass.launchBrowser(BaseClass.java:28)
	at com.tripgain.hotaltestscripts.TCH_04_VerifySearchFunctionalityForHotalForTwoDayTillBookingPage.launchApplication(TCH_04_VerifySearchFunctionalityForHotalForTwoDayTillBookingPage.java:154)
	at java.base/java.util.ArrayList.forEach(ArrayList.java:1596)
	at java.base/java.util.concurrent.FutureTask.run(FutureTask.java:317)
	at java.base/java.util.concurrent.ThreadPoolExecutor.runWorker(ThreadPoolExecutor.java:1144)
	at java.base/java.util.concurrent.ThreadPoolExecutor$Worker.run(ThreadPoolExecutor.java:642)
	at java.base/java.lang.Thread.run(Thread.java:1583)
Caused by: org.openqa.selenium.WebDriverException: Command failed with code: 65, executed: [--browser, MicrosoftEdge, --language-binding, java, --output, json]
error sending request for url (https://msedgedriver.azureedge.net/LATEST_RELEASE_138_WINDOWS)
Build info: version: &apos;4.29.0&apos;, revision: &apos;5fc1ec94cb&apos;
System info: os.name: &apos;Windows 11&apos;, os.arch: &apos;amd64&apos;, os.version: &apos;10.0&apos;, java.version: &apos;21.0.7&apos;
Driver info: driver.version: EdgeDriver
	at org.openqa.selenium.manager.SeleniumManager.runCommand(SeleniumManager.java:173)
	at org.openqa.selenium.manager.SeleniumManager.getBinaryPaths(SeleniumManager.java:254)
	at org.openqa.selenium.remote.service.DriverFinder.getBinaryPaths(DriverFinder.java:102)
	... 32 more
... Removed 19 stack frames
</div> <!-- stack-trace -->
                </div> <!-- method-content -->
              </div> <!-- method -->
              <div class="method">
                <div class="method-content">
                  <a name="myTest({roomCount=2, UserName=testtraveller98@tripgain.com, adultCount=2, TestRun=, ChildAge=2, index=1, ch...)">
                  </a> <!-- myTest({roomCount=2, UserName=testtraveller98@tripgain.com, adultCount=2, TestRun=, ChildAge=2, index=1, ch...) -->
                  <span class="method-name">myTest</span>
                  <span class="parameters">({roomCount=2, UserName=testtraveller98@tripgain.com, adultCount=2, TestRun=, ChildAge=2, index=1, childCount=1, City=hydrerabad, Telangana, india, URL=https://v3.tripgain.com/login, Password=@AM@TGA1$29TN})</span>
                  <div class="stack-trace">org.openqa.selenium.remote.NoSuchDriverException: Unable to obtain: msedgedriver, error Command failed with code: 65, executed: [--browser, MicrosoftEdge, --language-binding, java, --output, json]
error sending request for url (https://msedgedriver.azureedge.net/LATEST_RELEASE_138_WINDOWS)
Build info: version: &apos;4.29.0&apos;, revision: &apos;5fc1ec94cb&apos;
System info: os.name: &apos;Windows 11&apos;, os.arch: &apos;amd64&apos;, os.version: &apos;10.0&apos;, java.version: &apos;21.0.7&apos;
Driver info: driver.version: EdgeDriver
	at org.openqa.selenium.remote.service.DriverFinder.getBinaryPaths(DriverFinder.java:121)
	at org.openqa.selenium.remote.service.DriverFinder.getDriverPath(DriverFinder.java:55)
	at org.openqa.selenium.edge.EdgeDriver.generateExecutor(EdgeDriver.java:71)
	at org.openqa.selenium.edge.EdgeDriver.&lt;init&gt;(EdgeDriver.java:60)
	at org.openqa.selenium.edge.EdgeDriver.&lt;init&gt;(EdgeDriver.java:56)
	at org.openqa.selenium.edge.EdgeDriver.&lt;init&gt;(EdgeDriver.java:48)
	at org.openqa.selenium.edge.EdgeDriver.&lt;init&gt;(EdgeDriver.java:44)
	at com.tripgain.testscripts.BaseClass.launchBrowser(BaseClass.java:28)
	at com.tripgain.hotaltestscripts.TCH_04_VerifySearchFunctionalityForHotalForTwoDayTillBookingPage.launchApplication(TCH_04_VerifySearchFunctionalityForHotalForTwoDayTillBookingPage.java:154)
	at java.base/java.util.ArrayList.forEach(ArrayList.java:1596)
	at java.base/java.util.concurrent.FutureTask.run(FutureTask.java:317)
	at java.base/java.util.concurrent.ThreadPoolExecutor.runWorker(ThreadPoolExecutor.java:1144)
	at java.base/java.util.concurrent.ThreadPoolExecutor$Worker.run(ThreadPoolExecutor.java:642)
	at java.base/java.lang.Thread.run(Thread.java:1583)
Caused by: org.openqa.selenium.WebDriverException: Command failed with code: 65, executed: [--browser, MicrosoftEdge, --language-binding, java, --output, json]
error sending request for url (https://msedgedriver.azureedge.net/LATEST_RELEASE_138_WINDOWS)
Build info: version: &apos;4.29.0&apos;, revision: &apos;5fc1ec94cb&apos;
System info: os.name: &apos;Windows 11&apos;, os.arch: &apos;amd64&apos;, os.version: &apos;10.0&apos;, java.version: &apos;21.0.7&apos;
Driver info: driver.version: EdgeDriver
	at org.openqa.selenium.manager.SeleniumManager.runCommand(SeleniumManager.java:173)
	at org.openqa.selenium.manager.SeleniumManager.getBinaryPaths(SeleniumManager.java:254)
	at org.openqa.selenium.remote.service.DriverFinder.getBinaryPaths(DriverFinder.java:102)
	... 32 more
... Removed 19 stack frames
</div> <!-- stack-trace -->
                </div> <!-- method-content -->
              </div> <!-- method -->
            </div> <!-- main-panel-content rounded-window-bottom -->
          </div> <!-- suite-Suite-class-skipped -->
          <div class="suite-Suite-class-skipped">
            <div class="main-panel-header rounded-window-top">
              <img src="skipped.png"/>
              <span class="class-name">com.tripgain.hotaltestscripts.TCH_01_VerifySearchFunctionalityForHotalForTwoDays</span>
            </div> <!-- main-panel-header rounded-window-top -->
            <div class="main-panel-content rounded-window-bottom">
              <div class="method">
                <div class="method-content">
                  <a name="myTest({roomCount=2, UserName=testtraveller98@tripgain.com, adultCount=2, TestRun=, ChildAge=2, index=1, ch...)">
                  </a> <!-- myTest({roomCount=2, UserName=testtraveller98@tripgain.com, adultCount=2, TestRun=, ChildAge=2, index=1, ch...) -->
                  <span class="method-name">myTest</span>
                  <span class="parameters">({roomCount=2, UserName=testtraveller98@tripgain.com, adultCount=2, TestRun=, ChildAge=2, index=1, childCount=1, City=hydrerabad, Telangana, india, URL=https://v3.tripgain.com/login, Password=@AM@TGA1$29TN})</span>
                  <div class="stack-trace">org.openqa.selenium.remote.NoSuchDriverException: Unable to obtain: msedgedriver, error Command failed with code: 65, executed: [--browser, MicrosoftEdge, --language-binding, java, --output, json]
error sending request for url (https://msedgedriver.azureedge.net/LATEST_RELEASE_138_WINDOWS)
Build info: version: &apos;4.29.0&apos;, revision: &apos;5fc1ec94cb&apos;
System info: os.name: &apos;Windows 11&apos;, os.arch: &apos;amd64&apos;, os.version: &apos;10.0&apos;, java.version: &apos;21.0.7&apos;
Driver info: driver.version: EdgeDriver
	at org.openqa.selenium.remote.service.DriverFinder.getBinaryPaths(DriverFinder.java:121)
	at org.openqa.selenium.remote.service.DriverFinder.getDriverPath(DriverFinder.java:55)
	at org.openqa.selenium.edge.EdgeDriver.generateExecutor(EdgeDriver.java:71)
	at org.openqa.selenium.edge.EdgeDriver.&lt;init&gt;(EdgeDriver.java:60)
	at org.openqa.selenium.edge.EdgeDriver.&lt;init&gt;(EdgeDriver.java:56)
	at org.openqa.selenium.edge.EdgeDriver.&lt;init&gt;(EdgeDriver.java:48)
	at org.openqa.selenium.edge.EdgeDriver.&lt;init&gt;(EdgeDriver.java:44)
	at com.tripgain.testscripts.BaseClass.launchBrowser(BaseClass.java:28)
	at com.tripgain.hotaltestscripts.TCH_01_VerifySearchFunctionalityForHotalForTwoDays.launchApplication(TCH_01_VerifySearchFunctionalityForHotalForTwoDays.java:150)
	at java.base/java.util.ArrayList.forEach(ArrayList.java:1596)
	at java.base/java.util.concurrent.FutureTask.run(FutureTask.java:317)
	at java.base/java.util.concurrent.ThreadPoolExecutor.runWorker(ThreadPoolExecutor.java:1144)
	at java.base/java.util.concurrent.ThreadPoolExecutor$Worker.run(ThreadPoolExecutor.java:642)
	at java.base/java.lang.Thread.run(Thread.java:1583)
Caused by: org.openqa.selenium.WebDriverException: Command failed with code: 65, executed: [--browser, MicrosoftEdge, --language-binding, java, --output, json]
error sending request for url (https://msedgedriver.azureedge.net/LATEST_RELEASE_138_WINDOWS)
Build info: version: &apos;4.29.0&apos;, revision: &apos;5fc1ec94cb&apos;
System info: os.name: &apos;Windows 11&apos;, os.arch: &apos;amd64&apos;, os.version: &apos;10.0&apos;, java.version: &apos;21.0.7&apos;
Driver info: driver.version: EdgeDriver
	at org.openqa.selenium.manager.SeleniumManager.runCommand(SeleniumManager.java:173)
	at org.openqa.selenium.manager.SeleniumManager.getBinaryPaths(SeleniumManager.java:254)
	at org.openqa.selenium.remote.service.DriverFinder.getBinaryPaths(DriverFinder.java:102)
	... 32 more
... Removed 19 stack frames
</div> <!-- stack-trace -->
                </div> <!-- method-content -->
              </div> <!-- method -->
              <div class="method">
                <div class="method-content">
                  <a name="myTest({roomCount=1, UserName=testtraveller98@tripgain.com, adultCount=2, TestRun=, ChildAge=1, index=1, ch...)">
                  </a> <!-- myTest({roomCount=1, UserName=testtraveller98@tripgain.com, adultCount=2, TestRun=, ChildAge=1, index=1, ch...) -->
                  <span class="method-name">myTest</span>
                  <span class="parameters">({roomCount=1, UserName=testtraveller98@tripgain.com, adultCount=2, TestRun=, ChildAge=1, index=1, childCount=0, City=Bengaluru, Karnataka, India, URL=https://v3.tripgain.com/login, Password=@AM@TGA1$29TN})</span>
                  <div class="stack-trace">org.openqa.selenium.remote.NoSuchDriverException: Unable to obtain: msedgedriver, error Command failed with code: 65, executed: [--browser, MicrosoftEdge, --language-binding, java, --output, json]
error sending request for url (https://msedgedriver.azureedge.net/LATEST_RELEASE_138_WINDOWS)
Build info: version: &apos;4.29.0&apos;, revision: &apos;5fc1ec94cb&apos;
System info: os.name: &apos;Windows 11&apos;, os.arch: &apos;amd64&apos;, os.version: &apos;10.0&apos;, java.version: &apos;21.0.7&apos;
Driver info: driver.version: EdgeDriver
	at org.openqa.selenium.remote.service.DriverFinder.getBinaryPaths(DriverFinder.java:121)
	at org.openqa.selenium.remote.service.DriverFinder.getDriverPath(DriverFinder.java:55)
	at org.openqa.selenium.edge.EdgeDriver.generateExecutor(EdgeDriver.java:71)
	at org.openqa.selenium.edge.EdgeDriver.&lt;init&gt;(EdgeDriver.java:60)
	at org.openqa.selenium.edge.EdgeDriver.&lt;init&gt;(EdgeDriver.java:56)
	at org.openqa.selenium.edge.EdgeDriver.&lt;init&gt;(EdgeDriver.java:48)
	at org.openqa.selenium.edge.EdgeDriver.&lt;init&gt;(EdgeDriver.java:44)
	at com.tripgain.testscripts.BaseClass.launchBrowser(BaseClass.java:28)
	at com.tripgain.hotaltestscripts.TCH_01_VerifySearchFunctionalityForHotalForTwoDays.launchApplication(TCH_01_VerifySearchFunctionalityForHotalForTwoDays.java:150)
	at java.base/java.util.ArrayList.forEach(ArrayList.java:1596)
	at java.base/java.util.concurrent.FutureTask.run(FutureTask.java:317)
	at java.base/java.util.concurrent.ThreadPoolExecutor.runWorker(ThreadPoolExecutor.java:1144)
	at java.base/java.util.concurrent.ThreadPoolExecutor$Worker.run(ThreadPoolExecutor.java:642)
	at java.base/java.lang.Thread.run(Thread.java:1583)
Caused by: org.openqa.selenium.WebDriverException: Command failed with code: 65, executed: [--browser, MicrosoftEdge, --language-binding, java, --output, json]
error sending request for url (https://msedgedriver.azureedge.net/LATEST_RELEASE_138_WINDOWS)
Build info: version: &apos;4.29.0&apos;, revision: &apos;5fc1ec94cb&apos;
System info: os.name: &apos;Windows 11&apos;, os.arch: &apos;amd64&apos;, os.version: &apos;10.0&apos;, java.version: &apos;21.0.7&apos;
Driver info: driver.version: EdgeDriver
	at org.openqa.selenium.manager.SeleniumManager.runCommand(SeleniumManager.java:173)
	at org.openqa.selenium.manager.SeleniumManager.getBinaryPaths(SeleniumManager.java:254)
	at org.openqa.selenium.remote.service.DriverFinder.getBinaryPaths(DriverFinder.java:102)
	... 32 more
... Removed 19 stack frames
</div> <!-- stack-trace -->
                </div> <!-- method-content -->
              </div> <!-- method -->
            </div> <!-- main-panel-content rounded-window-bottom -->
          </div> <!-- suite-Suite-class-skipped -->
          <div class="suite-Suite-class-skipped">
            <div class="main-panel-header rounded-window-top">
              <img src="skipped.png"/>
              <span class="class-name">com.tripgain.hotaltestscripts.TCH_07_VerifySearchByHotelCurrency</span>
            </div> <!-- main-panel-header rounded-window-top -->
            <div class="main-panel-content rounded-window-bottom">
              <div class="method">
                <div class="method-content">
                  <a name="myTest({roomCount=1, UserRating=Very Good: 3.5+, UserRatingNumber=3.5, UserName=testtraveller98@tripgain.co...)">
                  </a> <!-- myTest({roomCount=1, UserRating=Very Good: 3.5+, UserRatingNumber=3.5, UserName=testtraveller98@tripgain.co...) -->
                  <span class="method-name">myTest</span>
                  <span class="parameters">({roomCount=1, UserRating=Very Good: 3.5+, UserRatingNumber=3.5, UserName=testtraveller98@tripgain.com, adultCount=2, TestRun=, ChildAge=1, index=1, childCount=0, City=hydrerabad, Telangana, india, URL=https://v3.tripgain.com/login, Password=@AM@TGA1$29TN})</span>
                  <div class="stack-trace">org.openqa.selenium.remote.NoSuchDriverException: Unable to obtain: msedgedriver, error Command failed with code: 65, executed: [--browser, MicrosoftEdge, --language-binding, java, --output, json]
error sending request for url (https://msedgedriver.azureedge.net/LATEST_RELEASE_138_WINDOWS)
Build info: version: &apos;4.29.0&apos;, revision: &apos;5fc1ec94cb&apos;
System info: os.name: &apos;Windows 11&apos;, os.arch: &apos;amd64&apos;, os.version: &apos;10.0&apos;, java.version: &apos;21.0.7&apos;
Driver info: driver.version: EdgeDriver
	at org.openqa.selenium.remote.service.DriverFinder.getBinaryPaths(DriverFinder.java:121)
	at org.openqa.selenium.remote.service.DriverFinder.getDriverPath(DriverFinder.java:55)
	at org.openqa.selenium.edge.EdgeDriver.generateExecutor(EdgeDriver.java:71)
	at org.openqa.selenium.edge.EdgeDriver.&lt;init&gt;(EdgeDriver.java:60)
	at org.openqa.selenium.edge.EdgeDriver.&lt;init&gt;(EdgeDriver.java:56)
	at org.openqa.selenium.edge.EdgeDriver.&lt;init&gt;(EdgeDriver.java:48)
	at org.openqa.selenium.edge.EdgeDriver.&lt;init&gt;(EdgeDriver.java:44)
	at com.tripgain.testscripts.BaseClass.launchBrowser(BaseClass.java:28)
	at com.tripgain.hotaltestscripts.TCH_07_VerifySearchByHotelCurrency.launchApplication(TCH_07_VerifySearchByHotelCurrency.java:170)
	at java.base/java.util.ArrayList.forEach(ArrayList.java:1596)
	at java.base/java.util.concurrent.FutureTask.run(FutureTask.java:317)
	at java.base/java.util.concurrent.ThreadPoolExecutor.runWorker(ThreadPoolExecutor.java:1144)
	at java.base/java.util.concurrent.ThreadPoolExecutor$Worker.run(ThreadPoolExecutor.java:642)
	at java.base/java.lang.Thread.run(Thread.java:1583)
Caused by: org.openqa.selenium.WebDriverException: Command failed with code: 65, executed: [--browser, MicrosoftEdge, --language-binding, java, --output, json]
error sending request for url (https://msedgedriver.azureedge.net/LATEST_RELEASE_138_WINDOWS)
Build info: version: &apos;4.29.0&apos;, revision: &apos;5fc1ec94cb&apos;
System info: os.name: &apos;Windows 11&apos;, os.arch: &apos;amd64&apos;, os.version: &apos;10.0&apos;, java.version: &apos;21.0.7&apos;
Driver info: driver.version: EdgeDriver
	at org.openqa.selenium.manager.SeleniumManager.runCommand(SeleniumManager.java:173)
	at org.openqa.selenium.manager.SeleniumManager.getBinaryPaths(SeleniumManager.java:254)
	at org.openqa.selenium.remote.service.DriverFinder.getBinaryPaths(DriverFinder.java:102)
	... 32 more
... Removed 19 stack frames
</div> <!-- stack-trace -->
                </div> <!-- method-content -->
              </div> <!-- method -->
              <div class="method">
                <div class="method-content">
                  <a name="myTest({roomCount=1, UserRating=Excellent: 4+, UserRatingNumber=4, UserName=testtraveller98@tripgain.com, a...)">
                  </a> <!-- myTest({roomCount=1, UserRating=Excellent: 4+, UserRatingNumber=4, UserName=testtraveller98@tripgain.com, a...) -->
                  <span class="method-name">myTest</span>
                  <span class="parameters">({roomCount=1, UserRating=Excellent: 4+, UserRatingNumber=4, UserName=testtraveller98@tripgain.com, adultCount=2, TestRun=, ChildAge=1, index=1, childCount=0, City=Bengaluru, Karnataka, India, URL=https://v3.tripgain.com/login, Password=@AM@TGA1$29TN})</span>
                  <div class="stack-trace">org.openqa.selenium.remote.NoSuchDriverException: Unable to obtain: msedgedriver, error Command failed with code: 65, executed: [--browser, MicrosoftEdge, --language-binding, java, --output, json]
error sending request for url (https://msedgedriver.azureedge.net/LATEST_RELEASE_138_WINDOWS)
Build info: version: &apos;4.29.0&apos;, revision: &apos;5fc1ec94cb&apos;
System info: os.name: &apos;Windows 11&apos;, os.arch: &apos;amd64&apos;, os.version: &apos;10.0&apos;, java.version: &apos;21.0.7&apos;
Driver info: driver.version: EdgeDriver
	at org.openqa.selenium.remote.service.DriverFinder.getBinaryPaths(DriverFinder.java:121)
	at org.openqa.selenium.remote.service.DriverFinder.getDriverPath(DriverFinder.java:55)
	at org.openqa.selenium.edge.EdgeDriver.generateExecutor(EdgeDriver.java:71)
	at org.openqa.selenium.edge.EdgeDriver.&lt;init&gt;(EdgeDriver.java:60)
	at org.openqa.selenium.edge.EdgeDriver.&lt;init&gt;(EdgeDriver.java:56)
	at org.openqa.selenium.edge.EdgeDriver.&lt;init&gt;(EdgeDriver.java:48)
	at org.openqa.selenium.edge.EdgeDriver.&lt;init&gt;(EdgeDriver.java:44)
	at com.tripgain.testscripts.BaseClass.launchBrowser(BaseClass.java:28)
	at com.tripgain.hotaltestscripts.TCH_07_VerifySearchByHotelCurrency.launchApplication(TCH_07_VerifySearchByHotelCurrency.java:170)
	at java.base/java.util.ArrayList.forEach(ArrayList.java:1596)
	at java.base/java.util.concurrent.FutureTask.run(FutureTask.java:317)
	at java.base/java.util.concurrent.ThreadPoolExecutor.runWorker(ThreadPoolExecutor.java:1144)
	at java.base/java.util.concurrent.ThreadPoolExecutor$Worker.run(ThreadPoolExecutor.java:642)
	at java.base/java.lang.Thread.run(Thread.java:1583)
Caused by: org.openqa.selenium.WebDriverException: Command failed with code: 65, executed: [--browser, MicrosoftEdge, --language-binding, java, --output, json]
error sending request for url (https://msedgedriver.azureedge.net/LATEST_RELEASE_138_WINDOWS)
Build info: version: &apos;4.29.0&apos;, revision: &apos;5fc1ec94cb&apos;
System info: os.name: &apos;Windows 11&apos;, os.arch: &apos;amd64&apos;, os.version: &apos;10.0&apos;, java.version: &apos;21.0.7&apos;
Driver info: driver.version: EdgeDriver
	at org.openqa.selenium.manager.SeleniumManager.runCommand(SeleniumManager.java:173)
	at org.openqa.selenium.manager.SeleniumManager.getBinaryPaths(SeleniumManager.java:254)
	at org.openqa.selenium.remote.service.DriverFinder.getBinaryPaths(DriverFinder.java:102)
	... 32 more
... Removed 19 stack frames
</div> <!-- stack-trace -->
                </div> <!-- method-content -->
              </div> <!-- method -->
            </div> <!-- main-panel-content rounded-window-bottom -->
          </div> <!-- suite-Suite-class-skipped -->
          <div class="suite-Suite-class-skipped">
            <div class="main-panel-header rounded-window-top">
              <img src="skipped.png"/>
              <span class="class-name">com.tripgain.hotaltestscripts.TCH_06_VerifySearchByHotelAddressFunctionality</span>
            </div> <!-- main-panel-header rounded-window-top -->
            <div class="main-panel-content rounded-window-bottom">
              <div class="method">
                <div class="method-content">
                  <a name="myTest({roomCount=2, UserName=testtraveller98@tripgain.com, adultCount=1, ChildAge=2, index=1, childCount=1...)">
                  </a> <!-- myTest({roomCount=2, UserName=testtraveller98@tripgain.com, adultCount=1, ChildAge=2, index=1, childCount=1...) -->
                  <span class="method-name">myTest</span>
                  <span class="parameters">({roomCount=2, UserName=testtraveller98@tripgain.com, adultCount=1, ChildAge=2, index=1, childCount=1, City=hong kong, SearchByHotelClearAndSearch=Shenzhen, URL=https://v3.tripgain.com/login, TestRun=SLIP, Currency=KWD, selectHotelInDetailsPageBasedOnIndex=1, selectHotelBasedOnIndex=1, Password=@AM@TGA1$29TN})</span>
                  <div class="stack-trace">org.openqa.selenium.remote.NoSuchDriverException: Unable to obtain: msedgedriver, error Command failed with code: 65, executed: [--browser, MicrosoftEdge, --language-binding, java, --output, json]
error sending request for url (https://msedgedriver.azureedge.net/LATEST_RELEASE_138_WINDOWS)
Build info: version: &apos;4.29.0&apos;, revision: &apos;5fc1ec94cb&apos;
System info: os.name: &apos;Windows 11&apos;, os.arch: &apos;amd64&apos;, os.version: &apos;10.0&apos;, java.version: &apos;21.0.7&apos;
Driver info: driver.version: EdgeDriver
	at org.openqa.selenium.remote.service.DriverFinder.getBinaryPaths(DriverFinder.java:121)
	at org.openqa.selenium.remote.service.DriverFinder.getDriverPath(DriverFinder.java:55)
	at org.openqa.selenium.edge.EdgeDriver.generateExecutor(EdgeDriver.java:71)
	at org.openqa.selenium.edge.EdgeDriver.&lt;init&gt;(EdgeDriver.java:60)
	at org.openqa.selenium.edge.EdgeDriver.&lt;init&gt;(EdgeDriver.java:56)
	at org.openqa.selenium.edge.EdgeDriver.&lt;init&gt;(EdgeDriver.java:48)
	at org.openqa.selenium.edge.EdgeDriver.&lt;init&gt;(EdgeDriver.java:44)
	at com.tripgain.testscripts.BaseClass.launchBrowser(BaseClass.java:28)
	at com.tripgain.hotaltestscripts.TCH_06_VerifySearchByHotelAddressFunctionality.launchApplication(TCH_06_VerifySearchByHotelAddressFunctionality.java:197)
	at java.base/java.util.ArrayList.forEach(ArrayList.java:1596)
	at java.base/java.util.concurrent.FutureTask.run(FutureTask.java:317)
	at java.base/java.util.concurrent.ThreadPoolExecutor.runWorker(ThreadPoolExecutor.java:1144)
	at java.base/java.util.concurrent.ThreadPoolExecutor$Worker.run(ThreadPoolExecutor.java:642)
	at java.base/java.lang.Thread.run(Thread.java:1583)
Caused by: org.openqa.selenium.WebDriverException: Command failed with code: 65, executed: [--browser, MicrosoftEdge, --language-binding, java, --output, json]
error sending request for url (https://msedgedriver.azureedge.net/LATEST_RELEASE_138_WINDOWS)
Build info: version: &apos;4.29.0&apos;, revision: &apos;5fc1ec94cb&apos;
System info: os.name: &apos;Windows 11&apos;, os.arch: &apos;amd64&apos;, os.version: &apos;10.0&apos;, java.version: &apos;21.0.7&apos;
Driver info: driver.version: EdgeDriver
	at org.openqa.selenium.manager.SeleniumManager.runCommand(SeleniumManager.java:173)
	at org.openqa.selenium.manager.SeleniumManager.getBinaryPaths(SeleniumManager.java:254)
	at org.openqa.selenium.remote.service.DriverFinder.getBinaryPaths(DriverFinder.java:102)
	... 32 more
... Removed 19 stack frames
</div> <!-- stack-trace -->
                </div> <!-- method-content -->
              </div> <!-- method -->
              <div class="method">
                <div class="method-content">
                  <a name="myTest({roomCount=1, UserName=testtraveller98@tripgain.com, adultCount=2, ChildAge=1, index=1, childCount=0...)">
                  </a> <!-- myTest({roomCount=1, UserName=testtraveller98@tripgain.com, adultCount=2, ChildAge=1, index=1, childCount=0...) -->
                  <span class="method-name">myTest</span>
                  <span class="parameters">({roomCount=1, UserName=testtraveller98@tripgain.com, adultCount=2, ChildAge=1, index=1, childCount=0, City=Bengaluru, Karnataka, India, SearchByHotelClearAndSearch=BTM, URL=https://v3.tripgain.com/login, TestRun=, Currency=AMD, selectHotelInDetailsPageBasedOnIndex=1, selectHotelBasedOnIndex=1, Password=@AM@TGA1$29TN})</span>
                  <div class="stack-trace">org.openqa.selenium.remote.NoSuchDriverException: Unable to obtain: msedgedriver, error Command failed with code: 65, executed: [--browser, MicrosoftEdge, --language-binding, java, --output, json]
error sending request for url (https://msedgedriver.azureedge.net/LATEST_RELEASE_138_WINDOWS)
Build info: version: &apos;4.29.0&apos;, revision: &apos;5fc1ec94cb&apos;
System info: os.name: &apos;Windows 11&apos;, os.arch: &apos;amd64&apos;, os.version: &apos;10.0&apos;, java.version: &apos;21.0.7&apos;
Driver info: driver.version: EdgeDriver
	at org.openqa.selenium.remote.service.DriverFinder.getBinaryPaths(DriverFinder.java:121)
	at org.openqa.selenium.remote.service.DriverFinder.getDriverPath(DriverFinder.java:55)
	at org.openqa.selenium.edge.EdgeDriver.generateExecutor(EdgeDriver.java:71)
	at org.openqa.selenium.edge.EdgeDriver.&lt;init&gt;(EdgeDriver.java:60)
	at org.openqa.selenium.edge.EdgeDriver.&lt;init&gt;(EdgeDriver.java:56)
	at org.openqa.selenium.edge.EdgeDriver.&lt;init&gt;(EdgeDriver.java:48)
	at org.openqa.selenium.edge.EdgeDriver.&lt;init&gt;(EdgeDriver.java:44)
	at com.tripgain.testscripts.BaseClass.launchBrowser(BaseClass.java:28)
	at com.tripgain.hotaltestscripts.TCH_06_VerifySearchByHotelAddressFunctionality.launchApplication(TCH_06_VerifySearchByHotelAddressFunctionality.java:197)
	at java.base/java.util.ArrayList.forEach(ArrayList.java:1596)
	at java.base/java.util.concurrent.FutureTask.run(FutureTask.java:317)
	at java.base/java.util.concurrent.ThreadPoolExecutor.runWorker(ThreadPoolExecutor.java:1144)
	at java.base/java.util.concurrent.ThreadPoolExecutor$Worker.run(ThreadPoolExecutor.java:642)
	at java.base/java.lang.Thread.run(Thread.java:1583)
Caused by: org.openqa.selenium.WebDriverException: Command failed with code: 65, executed: [--browser, MicrosoftEdge, --language-binding, java, --output, json]
error sending request for url (https://msedgedriver.azureedge.net/LATEST_RELEASE_138_WINDOWS)
Build info: version: &apos;4.29.0&apos;, revision: &apos;5fc1ec94cb&apos;
System info: os.name: &apos;Windows 11&apos;, os.arch: &apos;amd64&apos;, os.version: &apos;10.0&apos;, java.version: &apos;21.0.7&apos;
Driver info: driver.version: EdgeDriver
	at org.openqa.selenium.manager.SeleniumManager.runCommand(SeleniumManager.java:173)
	at org.openqa.selenium.manager.SeleniumManager.getBinaryPaths(SeleniumManager.java:254)
	at org.openqa.selenium.remote.service.DriverFinder.getBinaryPaths(DriverFinder.java:102)
	... 32 more
... Removed 19 stack frames
</div> <!-- stack-trace -->
                </div> <!-- method-content -->
              </div> <!-- method -->
              <div class="method">
                <div class="method-content">
                  <a name="myTest({roomCount=2, UserName=testtraveller98@tripgain.com, adultCount=2, ChildAge=2, index=1, childCount=1...)">
                  </a> <!-- myTest({roomCount=2, UserName=testtraveller98@tripgain.com, adultCount=2, ChildAge=2, index=1, childCount=1...) -->
                  <span class="method-name">myTest</span>
                  <span class="parameters">({roomCount=2, UserName=testtraveller98@tripgain.com, adultCount=2, ChildAge=2, index=1, childCount=1, City=hydrerabad, Telangana, india, SearchByHotelClearAndSearch=Kondapur Hyderabad, URL=https://v3.tripgain.com/login, TestRun=, Currency=ALL, selectHotelInDetailsPageBasedOnIndex=1, selectHotelBasedOnIndex=1, Password=@AM@TGA1$29TN})</span>
                  <div class="stack-trace">org.openqa.selenium.remote.NoSuchDriverException: Unable to obtain: msedgedriver, error Command failed with code: 65, executed: [--browser, MicrosoftEdge, --language-binding, java, --output, json]
error sending request for url (https://msedgedriver.azureedge.net/LATEST_RELEASE_138_WINDOWS)
Build info: version: &apos;4.29.0&apos;, revision: &apos;5fc1ec94cb&apos;
System info: os.name: &apos;Windows 11&apos;, os.arch: &apos;amd64&apos;, os.version: &apos;10.0&apos;, java.version: &apos;21.0.7&apos;
Driver info: driver.version: EdgeDriver
	at org.openqa.selenium.remote.service.DriverFinder.getBinaryPaths(DriverFinder.java:121)
	at org.openqa.selenium.remote.service.DriverFinder.getDriverPath(DriverFinder.java:55)
	at org.openqa.selenium.edge.EdgeDriver.generateExecutor(EdgeDriver.java:71)
	at org.openqa.selenium.edge.EdgeDriver.&lt;init&gt;(EdgeDriver.java:60)
	at org.openqa.selenium.edge.EdgeDriver.&lt;init&gt;(EdgeDriver.java:56)
	at org.openqa.selenium.edge.EdgeDriver.&lt;init&gt;(EdgeDriver.java:48)
	at org.openqa.selenium.edge.EdgeDriver.&lt;init&gt;(EdgeDriver.java:44)
	at com.tripgain.testscripts.BaseClass.launchBrowser(BaseClass.java:28)
	at com.tripgain.hotaltestscripts.TCH_06_VerifySearchByHotelAddressFunctionality.launchApplication(TCH_06_VerifySearchByHotelAddressFunctionality.java:197)
	at java.base/java.util.ArrayList.forEach(ArrayList.java:1596)
	at java.base/java.util.concurrent.FutureTask.run(FutureTask.java:317)
	at java.base/java.util.concurrent.ThreadPoolExecutor.runWorker(ThreadPoolExecutor.java:1144)
	at java.base/java.util.concurrent.ThreadPoolExecutor$Worker.run(ThreadPoolExecutor.java:642)
	at java.base/java.lang.Thread.run(Thread.java:1583)
Caused by: org.openqa.selenium.WebDriverException: Command failed with code: 65, executed: [--browser, MicrosoftEdge, --language-binding, java, --output, json]
error sending request for url (https://msedgedriver.azureedge.net/LATEST_RELEASE_138_WINDOWS)
Build info: version: &apos;4.29.0&apos;, revision: &apos;5fc1ec94cb&apos;
System info: os.name: &apos;Windows 11&apos;, os.arch: &apos;amd64&apos;, os.version: &apos;10.0&apos;, java.version: &apos;21.0.7&apos;
Driver info: driver.version: EdgeDriver
	at org.openqa.selenium.manager.SeleniumManager.runCommand(SeleniumManager.java:173)
	at org.openqa.selenium.manager.SeleniumManager.getBinaryPaths(SeleniumManager.java:254)
	at org.openqa.selenium.remote.service.DriverFinder.getBinaryPaths(DriverFinder.java:102)
	... 32 more
... Removed 19 stack frames
</div> <!-- stack-trace -->
                </div> <!-- method-content -->
              </div> <!-- method -->
            </div> <!-- main-panel-content rounded-window-bottom -->
          </div> <!-- suite-Suite-class-skipped -->
          <div class="suite-Suite-class-skipped">
            <div class="main-panel-header rounded-window-top">
              <img src="skipped.png"/>
              <span class="class-name">com.tripgain.hotaltestscripts.TCH_05_VerifySearchFunctionalityForHotalApplyingFliters</span>
            </div> <!-- main-panel-header rounded-window-top -->
            <div class="main-panel-content rounded-window-bottom">
              <div class="method">
                <div class="method-content">
                  <a name="myTest({roomCount=1, Price : High to Low=Price : High to Low, UserName=testtraveller98@tripgain.com, adultC...)">
                  </a> <!-- myTest({roomCount=1, Price : High to Low=Price : High to Low, UserName=testtraveller98@tripgain.com, adultC...) -->
                  <span class="method-name">myTest</span>
                  <span class="parameters">({roomCount=1, Price : High to Low=Price : High to Low, UserName=testtraveller98@tripgain.com, adultCount=2, ChildAge=1, index=1, childCount=0, City=Bengaluru, Karnataka, India, Distance Descending=Distance Descending, URL=https://v3.tripgain.com/login, Hotels : Ascending=Hotels : Ascending, Price : Low to High=Price : Low to High, TestRun=, Star : Ascending=Star : Ascending, Distance Ascending=Distance Ascending, Hotels : Descending=Hotels : Descending, Star : Descending=Star : Descending, Password=@AM@TGA1$29TN})</span>
                  <div class="stack-trace">org.openqa.selenium.remote.NoSuchDriverException: Unable to obtain: msedgedriver, error Command failed with code: 65, executed: [--browser, MicrosoftEdge, --language-binding, java, --output, json]
error sending request for url (https://msedgedriver.azureedge.net/LATEST_RELEASE_138_WINDOWS)
Build info: version: &apos;4.29.0&apos;, revision: &apos;5fc1ec94cb&apos;
System info: os.name: &apos;Windows 11&apos;, os.arch: &apos;amd64&apos;, os.version: &apos;10.0&apos;, java.version: &apos;21.0.7&apos;
Driver info: driver.version: EdgeDriver
	at org.openqa.selenium.remote.service.DriverFinder.getBinaryPaths(DriverFinder.java:121)
	at org.openqa.selenium.remote.service.DriverFinder.getDriverPath(DriverFinder.java:55)
	at org.openqa.selenium.edge.EdgeDriver.generateExecutor(EdgeDriver.java:71)
	at org.openqa.selenium.edge.EdgeDriver.&lt;init&gt;(EdgeDriver.java:60)
	at org.openqa.selenium.edge.EdgeDriver.&lt;init&gt;(EdgeDriver.java:56)
	at org.openqa.selenium.edge.EdgeDriver.&lt;init&gt;(EdgeDriver.java:48)
	at org.openqa.selenium.edge.EdgeDriver.&lt;init&gt;(EdgeDriver.java:44)
	at com.tripgain.testscripts.BaseClass.launchBrowser(BaseClass.java:28)
	at com.tripgain.hotaltestscripts.TCH_05_VerifySearchFunctionalityForHotalApplyingFliters.launchApplication(TCH_05_VerifySearchFunctionalityForHotalApplyingFliters.java:183)
	at java.base/java.util.ArrayList.forEach(ArrayList.java:1596)
	at java.base/java.util.concurrent.FutureTask.run(FutureTask.java:317)
	at java.base/java.util.concurrent.ThreadPoolExecutor.runWorker(ThreadPoolExecutor.java:1144)
	at java.base/java.util.concurrent.ThreadPoolExecutor$Worker.run(ThreadPoolExecutor.java:642)
	at java.base/java.lang.Thread.run(Thread.java:1583)
Caused by: org.openqa.selenium.WebDriverException: Command failed with code: 65, executed: [--browser, MicrosoftEdge, --language-binding, java, --output, json]
error sending request for url (https://msedgedriver.azureedge.net/LATEST_RELEASE_138_WINDOWS)
Build info: version: &apos;4.29.0&apos;, revision: &apos;5fc1ec94cb&apos;
System info: os.name: &apos;Windows 11&apos;, os.arch: &apos;amd64&apos;, os.version: &apos;10.0&apos;, java.version: &apos;21.0.7&apos;
Driver info: driver.version: EdgeDriver
	at org.openqa.selenium.manager.SeleniumManager.runCommand(SeleniumManager.java:173)
	at org.openqa.selenium.manager.SeleniumManager.getBinaryPaths(SeleniumManager.java:254)
	at org.openqa.selenium.remote.service.DriverFinder.getBinaryPaths(DriverFinder.java:102)
	... 32 more
... Removed 19 stack frames
</div> <!-- stack-trace -->
                </div> <!-- method-content -->
              </div> <!-- method -->
              <div class="method">
                <div class="method-content">
                  <a name="myTest({roomCount=2, Price : High to Low=Price : High to Low, UserName=testtraveller98@tripgain.com, adultC...)">
                  </a> <!-- myTest({roomCount=2, Price : High to Low=Price : High to Low, UserName=testtraveller98@tripgain.com, adultC...) -->
                  <span class="method-name">myTest</span>
                  <span class="parameters">({roomCount=2, Price : High to Low=Price : High to Low, UserName=testtraveller98@tripgain.com, adultCount=2, ChildAge=2, index=1, childCount=1, City=hydrerabad, Telangana, india, Distance Descending=Distance Descending, URL=https://v3.tripgain.com/login, Hotels : Ascending=Hotels : Ascending, Price : Low to High=Price : Low to High, TestRun=, Star : Ascending=Star : Ascending, Distance Ascending=Distance Ascending, Hotels : Descending=Hotels : Descending, Star : Descending=Star : Descending, Password=@AM@TGA1$29TN})</span>
                  <div class="stack-trace">org.openqa.selenium.remote.NoSuchDriverException: Unable to obtain: msedgedriver, error Command failed with code: 65, executed: [--browser, MicrosoftEdge, --language-binding, java, --output, json]
error sending request for url (https://msedgedriver.azureedge.net/LATEST_RELEASE_138_WINDOWS)
Build info: version: &apos;4.29.0&apos;, revision: &apos;5fc1ec94cb&apos;
System info: os.name: &apos;Windows 11&apos;, os.arch: &apos;amd64&apos;, os.version: &apos;10.0&apos;, java.version: &apos;21.0.7&apos;
Driver info: driver.version: EdgeDriver
	at org.openqa.selenium.remote.service.DriverFinder.getBinaryPaths(DriverFinder.java:121)
	at org.openqa.selenium.remote.service.DriverFinder.getDriverPath(DriverFinder.java:55)
	at org.openqa.selenium.edge.EdgeDriver.generateExecutor(EdgeDriver.java:71)
	at org.openqa.selenium.edge.EdgeDriver.&lt;init&gt;(EdgeDriver.java:60)
	at org.openqa.selenium.edge.EdgeDriver.&lt;init&gt;(EdgeDriver.java:56)
	at org.openqa.selenium.edge.EdgeDriver.&lt;init&gt;(EdgeDriver.java:48)
	at org.openqa.selenium.edge.EdgeDriver.&lt;init&gt;(EdgeDriver.java:44)
	at com.tripgain.testscripts.BaseClass.launchBrowser(BaseClass.java:28)
	at com.tripgain.hotaltestscripts.TCH_05_VerifySearchFunctionalityForHotalApplyingFliters.launchApplication(TCH_05_VerifySearchFunctionalityForHotalApplyingFliters.java:183)
	at java.base/java.util.ArrayList.forEach(ArrayList.java:1596)
	at java.base/java.util.concurrent.FutureTask.run(FutureTask.java:317)
	at java.base/java.util.concurrent.ThreadPoolExecutor.runWorker(ThreadPoolExecutor.java:1144)
	at java.base/java.util.concurrent.ThreadPoolExecutor$Worker.run(ThreadPoolExecutor.java:642)
	at java.base/java.lang.Thread.run(Thread.java:1583)
Caused by: org.openqa.selenium.WebDriverException: Command failed with code: 65, executed: [--browser, MicrosoftEdge, --language-binding, java, --output, json]
error sending request for url (https://msedgedriver.azureedge.net/LATEST_RELEASE_138_WINDOWS)
Build info: version: &apos;4.29.0&apos;, revision: &apos;5fc1ec94cb&apos;
System info: os.name: &apos;Windows 11&apos;, os.arch: &apos;amd64&apos;, os.version: &apos;10.0&apos;, java.version: &apos;21.0.7&apos;
Driver info: driver.version: EdgeDriver
	at org.openqa.selenium.manager.SeleniumManager.runCommand(SeleniumManager.java:173)
	at org.openqa.selenium.manager.SeleniumManager.getBinaryPaths(SeleniumManager.java:254)
	at org.openqa.selenium.remote.service.DriverFinder.getBinaryPaths(DriverFinder.java:102)
	... 32 more
... Removed 19 stack frames
</div> <!-- stack-trace -->
                </div> <!-- method-content -->
              </div> <!-- method -->
            </div> <!-- main-panel-content rounded-window-bottom -->
          </div> <!-- suite-Suite-class-skipped -->
          <div class="suite-Suite-class-skipped">
            <div class="main-panel-header rounded-window-top">
              <img src="skipped.png"/>
              <span class="class-name">com.tripgain.hotaltestscripts.TCH_02_VerifySearchFunctionalityForHotalForFiveDays</span>
            </div> <!-- main-panel-header rounded-window-top -->
            <div class="main-panel-content rounded-window-bottom">
              <div class="method">
                <div class="method-content">
                  <a name="myTest({roomCount=2, UserName=testtraveller98@tripgain.com, adultCount=2, TestRun=, ChildAge=2, index=1, ch...)">
                  </a> <!-- myTest({roomCount=2, UserName=testtraveller98@tripgain.com, adultCount=2, TestRun=, ChildAge=2, index=1, ch...) -->
                  <span class="method-name">myTest</span>
                  <span class="parameters">({roomCount=2, UserName=testtraveller98@tripgain.com, adultCount=2, TestRun=, ChildAge=2, index=1, childCount=1, City=hydrerabad, Telangana, india, URL=https://v3.tripgain.com/login, Password=@AM@TGA1$29TN})</span>
                  <div class="stack-trace">org.openqa.selenium.remote.NoSuchDriverException: Unable to obtain: msedgedriver, error Command failed with code: 65, executed: [--browser, MicrosoftEdge, --language-binding, java, --output, json]
error sending request for url (https://msedgedriver.azureedge.net/LATEST_RELEASE_138_WINDOWS)
Build info: version: &apos;4.29.0&apos;, revision: &apos;5fc1ec94cb&apos;
System info: os.name: &apos;Windows 11&apos;, os.arch: &apos;amd64&apos;, os.version: &apos;10.0&apos;, java.version: &apos;21.0.7&apos;
Driver info: driver.version: EdgeDriver
	at org.openqa.selenium.remote.service.DriverFinder.getBinaryPaths(DriverFinder.java:121)
	at org.openqa.selenium.remote.service.DriverFinder.getDriverPath(DriverFinder.java:55)
	at org.openqa.selenium.edge.EdgeDriver.generateExecutor(EdgeDriver.java:71)
	at org.openqa.selenium.edge.EdgeDriver.&lt;init&gt;(EdgeDriver.java:60)
	at org.openqa.selenium.edge.EdgeDriver.&lt;init&gt;(EdgeDriver.java:56)
	at org.openqa.selenium.edge.EdgeDriver.&lt;init&gt;(EdgeDriver.java:48)
	at org.openqa.selenium.edge.EdgeDriver.&lt;init&gt;(EdgeDriver.java:44)
	at com.tripgain.testscripts.BaseClass.launchBrowser(BaseClass.java:28)
	at com.tripgain.hotaltestscripts.TCH_02_VerifySearchFunctionalityForHotalForFiveDays.launchApplication(TCH_02_VerifySearchFunctionalityForHotalForFiveDays.java:130)
	at java.base/java.util.ArrayList.forEach(ArrayList.java:1596)
	at java.base/java.util.concurrent.FutureTask.run(FutureTask.java:317)
	at java.base/java.util.concurrent.ThreadPoolExecutor.runWorker(ThreadPoolExecutor.java:1144)
	at java.base/java.util.concurrent.ThreadPoolExecutor$Worker.run(ThreadPoolExecutor.java:642)
	at java.base/java.lang.Thread.run(Thread.java:1583)
Caused by: org.openqa.selenium.WebDriverException: Command failed with code: 65, executed: [--browser, MicrosoftEdge, --language-binding, java, --output, json]
error sending request for url (https://msedgedriver.azureedge.net/LATEST_RELEASE_138_WINDOWS)
Build info: version: &apos;4.29.0&apos;, revision: &apos;5fc1ec94cb&apos;
System info: os.name: &apos;Windows 11&apos;, os.arch: &apos;amd64&apos;, os.version: &apos;10.0&apos;, java.version: &apos;21.0.7&apos;
Driver info: driver.version: EdgeDriver
	at org.openqa.selenium.manager.SeleniumManager.runCommand(SeleniumManager.java:173)
	at org.openqa.selenium.manager.SeleniumManager.getBinaryPaths(SeleniumManager.java:254)
	at org.openqa.selenium.remote.service.DriverFinder.getBinaryPaths(DriverFinder.java:102)
	... 32 more
... Removed 19 stack frames
</div> <!-- stack-trace -->
                </div> <!-- method-content -->
              </div> <!-- method -->
              <div class="method">
                <div class="method-content">
                  <a name="myTest({roomCount=2, UserName=testtraveller98@tripgain.com, adultCount=3, TestRun=, ChildAge=1, index=1, ch...)">
                  </a> <!-- myTest({roomCount=2, UserName=testtraveller98@tripgain.com, adultCount=3, TestRun=, ChildAge=1, index=1, ch...) -->
                  <span class="method-name">myTest</span>
                  <span class="parameters">({roomCount=2, UserName=testtraveller98@tripgain.com, adultCount=3, TestRun=, ChildAge=1, index=1, childCount=1, City=Bangalore, URL=https://v3.tripgain.com/login, Password=@AM@TGA1$29TN})</span>
                  <div class="stack-trace">org.openqa.selenium.remote.NoSuchDriverException: Unable to obtain: msedgedriver, error Command failed with code: 65, executed: [--browser, MicrosoftEdge, --language-binding, java, --output, json]
error sending request for url (https://msedgedriver.azureedge.net/LATEST_RELEASE_138_WINDOWS)
Build info: version: &apos;4.29.0&apos;, revision: &apos;5fc1ec94cb&apos;
System info: os.name: &apos;Windows 11&apos;, os.arch: &apos;amd64&apos;, os.version: &apos;10.0&apos;, java.version: &apos;21.0.7&apos;
Driver info: driver.version: EdgeDriver
	at org.openqa.selenium.remote.service.DriverFinder.getBinaryPaths(DriverFinder.java:121)
	at org.openqa.selenium.remote.service.DriverFinder.getDriverPath(DriverFinder.java:55)
	at org.openqa.selenium.edge.EdgeDriver.generateExecutor(EdgeDriver.java:71)
	at org.openqa.selenium.edge.EdgeDriver.&lt;init&gt;(EdgeDriver.java:60)
	at org.openqa.selenium.edge.EdgeDriver.&lt;init&gt;(EdgeDriver.java:56)
	at org.openqa.selenium.edge.EdgeDriver.&lt;init&gt;(EdgeDriver.java:48)
	at org.openqa.selenium.edge.EdgeDriver.&lt;init&gt;(EdgeDriver.java:44)
	at com.tripgain.testscripts.BaseClass.launchBrowser(BaseClass.java:28)
	at com.tripgain.hotaltestscripts.TCH_02_VerifySearchFunctionalityForHotalForFiveDays.launchApplication(TCH_02_VerifySearchFunctionalityForHotalForFiveDays.java:130)
	at java.base/java.util.ArrayList.forEach(ArrayList.java:1596)
	at java.base/java.util.concurrent.FutureTask.run(FutureTask.java:317)
	at java.base/java.util.concurrent.ThreadPoolExecutor.runWorker(ThreadPoolExecutor.java:1144)
	at java.base/java.util.concurrent.ThreadPoolExecutor$Worker.run(ThreadPoolExecutor.java:642)
	at java.base/java.lang.Thread.run(Thread.java:1583)
Caused by: org.openqa.selenium.WebDriverException: Command failed with code: 65, executed: [--browser, MicrosoftEdge, --language-binding, java, --output, json]
error sending request for url (https://msedgedriver.azureedge.net/LATEST_RELEASE_138_WINDOWS)
Build info: version: &apos;4.29.0&apos;, revision: &apos;5fc1ec94cb&apos;
System info: os.name: &apos;Windows 11&apos;, os.arch: &apos;amd64&apos;, os.version: &apos;10.0&apos;, java.version: &apos;21.0.7&apos;
Driver info: driver.version: EdgeDriver
	at org.openqa.selenium.manager.SeleniumManager.runCommand(SeleniumManager.java:173)
	at org.openqa.selenium.manager.SeleniumManager.getBinaryPaths(SeleniumManager.java:254)
	at org.openqa.selenium.remote.service.DriverFinder.getBinaryPaths(DriverFinder.java:102)
	... 32 more
... Removed 19 stack frames
</div> <!-- stack-trace -->
                </div> <!-- method-content -->
              </div> <!-- method -->
            </div> <!-- main-panel-content rounded-window-bottom -->
          </div> <!-- suite-Suite-class-skipped -->
          <div class="suite-Suite-class-skipped">
            <div class="main-panel-header rounded-window-top">
              <img src="skipped.png"/>
              <span class="class-name">com.tripgain.hotaltestscripts.TCH_03_VerifySearchFunctionalityForHotalForTenDays</span>
            </div> <!-- main-panel-header rounded-window-top -->
            <div class="main-panel-content rounded-window-bottom">
              <div class="method">
                <div class="method-content">
                  <a name="myTest({roomCount=2, UserName=testtraveller98@tripgain.com, adultCount=3, TestRun=, ChildAge=1, index=1, ch...)">
                  </a> <!-- myTest({roomCount=2, UserName=testtraveller98@tripgain.com, adultCount=3, TestRun=, ChildAge=1, index=1, ch...) -->
                  <span class="method-name">myTest</span>
                  <span class="parameters">({roomCount=2, UserName=testtraveller98@tripgain.com, adultCount=3, TestRun=, ChildAge=1, index=1, childCount=1, City=Bangalore, URL=https://v3.tripgain.com/login, Password=@AM@TGA1$29TN})</span>
                  <div class="stack-trace">org.openqa.selenium.remote.NoSuchDriverException: Unable to obtain: msedgedriver, error Command failed with code: 65, executed: [--browser, MicrosoftEdge, --language-binding, java, --output, json]
error sending request for url (https://msedgedriver.azureedge.net/LATEST_RELEASE_138_WINDOWS)
Build info: version: &apos;4.29.0&apos;, revision: &apos;5fc1ec94cb&apos;
System info: os.name: &apos;Windows 11&apos;, os.arch: &apos;amd64&apos;, os.version: &apos;10.0&apos;, java.version: &apos;21.0.7&apos;
Driver info: driver.version: EdgeDriver
	at org.openqa.selenium.remote.service.DriverFinder.getBinaryPaths(DriverFinder.java:121)
	at org.openqa.selenium.remote.service.DriverFinder.getDriverPath(DriverFinder.java:55)
	at org.openqa.selenium.edge.EdgeDriver.generateExecutor(EdgeDriver.java:71)
	at org.openqa.selenium.edge.EdgeDriver.&lt;init&gt;(EdgeDriver.java:60)
	at org.openqa.selenium.edge.EdgeDriver.&lt;init&gt;(EdgeDriver.java:56)
	at org.openqa.selenium.edge.EdgeDriver.&lt;init&gt;(EdgeDriver.java:48)
	at org.openqa.selenium.edge.EdgeDriver.&lt;init&gt;(EdgeDriver.java:44)
	at com.tripgain.testscripts.BaseClass.launchBrowser(BaseClass.java:28)
	at com.tripgain.hotaltestscripts.TCH_03_VerifySearchFunctionalityForHotalForTenDays.launchApplication(TCH_03_VerifySearchFunctionalityForHotalForTenDays.java:130)
	at java.base/java.util.ArrayList.forEach(ArrayList.java:1596)
	at java.base/java.util.concurrent.FutureTask.run(FutureTask.java:317)
	at java.base/java.util.concurrent.ThreadPoolExecutor.runWorker(ThreadPoolExecutor.java:1144)
	at java.base/java.util.concurrent.ThreadPoolExecutor$Worker.run(ThreadPoolExecutor.java:642)
	at java.base/java.lang.Thread.run(Thread.java:1583)
Caused by: org.openqa.selenium.WebDriverException: Command failed with code: 65, executed: [--browser, MicrosoftEdge, --language-binding, java, --output, json]
error sending request for url (https://msedgedriver.azureedge.net/LATEST_RELEASE_138_WINDOWS)
Build info: version: &apos;4.29.0&apos;, revision: &apos;5fc1ec94cb&apos;
System info: os.name: &apos;Windows 11&apos;, os.arch: &apos;amd64&apos;, os.version: &apos;10.0&apos;, java.version: &apos;21.0.7&apos;
Driver info: driver.version: EdgeDriver
	at org.openqa.selenium.manager.SeleniumManager.runCommand(SeleniumManager.java:173)
	at org.openqa.selenium.manager.SeleniumManager.getBinaryPaths(SeleniumManager.java:254)
	at org.openqa.selenium.remote.service.DriverFinder.getBinaryPaths(DriverFinder.java:102)
	... 32 more
... Removed 19 stack frames
</div> <!-- stack-trace -->
                </div> <!-- method-content -->
              </div> <!-- method -->
            </div> <!-- main-panel-content rounded-window-bottom -->
          </div> <!-- suite-Suite-class-skipped -->
        </div> <!-- panel Suite -->
        <div panel-name="test-xml-Suite" class="panel">
          <div class="main-panel-header rounded-window-top">
            <span class="header-content">C:\Users\LENOVO\Downloads\TripGain-main (1)\TripGain-main\testng.xml</span>
          </div> <!-- main-panel-header rounded-window-top -->
          <div class="main-panel-content rounded-window-bottom">
            <pre>
&lt;?xml version=&quot;1.0&quot; encoding=&quot;UTF-8&quot;?&gt;
&lt;!DOCTYPE suite SYSTEM &quot;https://testng.org/testng-1.0.dtd&quot;&gt;
&lt;suite parallel=&quot;tests&quot; name=&quot;Suite&quot; guice-stage=&quot;DEVELOPMENT&quot;&gt;
  &lt;test thread-count=&quot;5&quot; parallel=&quot;tests&quot; name=&quot;test&quot;&gt;
    &lt;parameter name=&quot;browser&quot; value=&quot;edge&quot;/&gt;
    &lt;classes&gt;
      &lt;class name=&quot;com.tripgain.hotaltestscripts.TCH_01_VerifySearchFunctionalityForHotalForTwoDays&quot;/&gt;
      &lt;class name=&quot;com.tripgain.hotaltestscripts.TCH_02_VerifySearchFunctionalityForHotalForFiveDays&quot;/&gt;
      &lt;class name=&quot;com.tripgain.hotaltestscripts.TCH_03_VerifySearchFunctionalityForHotalForTenDays&quot;/&gt;
      &lt;class name=&quot;com.tripgain.hotaltestscripts.TCH_04_VerifySearchFunctionalityForHotalForTwoDayTillBookingPage&quot;/&gt;
      &lt;class name=&quot;com.tripgain.hotaltestscripts.TCH_05_VerifySearchFunctionalityForHotalApplyingFliters&quot;/&gt;
      &lt;class name=&quot;com.tripgain.hotaltestscripts.TCH_06_VerifySearchByHotelAddressFunctionality&quot;/&gt;
      &lt;class name=&quot;com.tripgain.hotaltestscripts.TCH_07_VerifySearchByHotelCurrency&quot;/&gt;
      &lt;class name=&quot;com.tripgain.hotaltestscripts.TCH_08_VerifySearchByHotel&quot;/&gt;
    &lt;/classes&gt;
  &lt;/test&gt; &lt;!-- test --&gt;
  &lt;test thread-count=&quot;5&quot; parallel=&quot;tests&quot; name=&quot;test1&quot;&gt;
    &lt;parameter name=&quot;browser&quot; value=&quot;chrome&quot;/&gt;
  &lt;/test&gt; &lt;!-- test1 --&gt;
  &lt;test thread-count=&quot;5&quot; parallel=&quot;tests&quot; name=&quot;test2&quot;&gt;
    &lt;parameter name=&quot;browser&quot; value=&quot;chrome&quot;/&gt;
  &lt;/test&gt; &lt;!-- test2 --&gt;
  &lt;test thread-count=&quot;5&quot; parallel=&quot;tests&quot; name=&quot;test3&quot;&gt;
    &lt;parameter name=&quot;browser&quot; value=&quot;chrome&quot;/&gt;
  &lt;/test&gt; &lt;!-- test3 --&gt;
  &lt;test thread-count=&quot;5&quot; parallel=&quot;tests&quot; name=&quot;test4&quot;&gt;
    &lt;parameter name=&quot;browser&quot; value=&quot;chrome&quot;/&gt;
  &lt;/test&gt; &lt;!-- test4 --&gt;
&lt;/suite&gt; &lt;!-- Suite --&gt;
            </pre>
          </div> <!-- main-panel-content rounded-window-bottom -->
        </div> <!-- panel -->
        <div panel-name="testlist-Suite" class="panel">
          <div class="main-panel-header rounded-window-top">
            <span class="header-content">Tests for Suite</span>
          </div> <!-- main-panel-header rounded-window-top -->
          <div class="main-panel-content rounded-window-bottom">
            <ul>
              <li>
                <span class="test-name">test (8 classes)</span>
              </li>
              <li>
                <span class="test-name">test1 (0 classes)</span>
              </li>
              <li>
                <span class="test-name">test2 (0 classes)</span>
              </li>
              <li>
                <span class="test-name">test3 (0 classes)</span>
              </li>
              <li>
                <span class="test-name">test4 (0 classes)</span>
              </li>
            </ul>
          </div> <!-- main-panel-content rounded-window-bottom -->
        </div> <!-- panel -->
        <div panel-name="group-Suite" class="panel">
          <div class="main-panel-header rounded-window-top">
            <span class="header-content">Groups for Suite</span>
          </div> <!-- main-panel-header rounded-window-top -->
          <div class="main-panel-content rounded-window-bottom">
          </div> <!-- main-panel-content rounded-window-bottom -->
        </div> <!-- panel -->
        <div panel-name="times-Suite" class="panel">
          <div class="main-panel-header rounded-window-top">
            <span class="header-content">Times for Suite</span>
          </div> <!-- main-panel-header rounded-window-top -->
          <div class="main-panel-content rounded-window-bottom">
            <div class="times-div">
              <script type="text/javascript">
suiteTableInitFunctions.push('tableData_Suite');
function tableData_Suite() {
var data = new google.visualization.DataTable();
data.addColumn('number', 'Number');
data.addColumn('string', 'Method');
data.addColumn('string', 'Class');
data.addColumn('number', 'Time (ms)');
data.addRows(16);
data.setCell(0, 0, 0)
data.setCell(0, 1, 'myTest')
data.setCell(0, 2, 'com.tripgain.hotaltestscripts.TCH_03_VerifySearchFunctionalityForHotalForTenDays')
data.setCell(0, 3, 0);
data.setCell(1, 0, 1)
data.setCell(1, 1, 'myTest')
data.setCell(1, 2, 'com.tripgain.hotaltestscripts.TCH_07_VerifySearchByHotelCurrency')
data.setCell(1, 3, 0);
data.setCell(2, 0, 2)
data.setCell(2, 1, 'myTest')
data.setCell(2, 2, 'com.tripgain.hotaltestscripts.TCH_04_VerifySearchFunctionalityForHotalForTwoDayTillBookingPage')
data.setCell(2, 3, 0);
data.setCell(3, 0, 3)
data.setCell(3, 1, 'myTest')
data.setCell(3, 2, 'com.tripgain.hotaltestscripts.TCH_02_VerifySearchFunctionalityForHotalForFiveDays')
data.setCell(3, 3, 0);
data.setCell(4, 0, 4)
data.setCell(4, 1, 'myTest')
data.setCell(4, 2, 'com.tripgain.hotaltestscripts.TCH_04_VerifySearchFunctionalityForHotalForTwoDayTillBookingPage')
data.setCell(4, 3, 0);
data.setCell(5, 0, 5)
data.setCell(5, 1, 'myTest')
data.setCell(5, 2, 'com.tripgain.hotaltestscripts.TCH_06_VerifySearchByHotelAddressFunctionality')
data.setCell(5, 3, 0);
data.setCell(6, 0, 6)
data.setCell(6, 1, 'myTest')
data.setCell(6, 2, 'com.tripgain.hotaltestscripts.TCH_08_VerifySearchByHotel')
data.setCell(6, 3, 0);
data.setCell(7, 0, 7)
data.setCell(7, 1, 'myTest')
data.setCell(7, 2, 'com.tripgain.hotaltestscripts.TCH_05_VerifySearchFunctionalityForHotalApplyingFliters')
data.setCell(7, 3, 0);
data.setCell(8, 0, 8)
data.setCell(8, 1, 'myTest')
data.setCell(8, 2, 'com.tripgain.hotaltestscripts.TCH_08_VerifySearchByHotel')
data.setCell(8, 3, 0);
data.setCell(9, 0, 9)
data.setCell(9, 1, 'myTest')
data.setCell(9, 2, 'com.tripgain.hotaltestscripts.TCH_07_VerifySearchByHotelCurrency')
data.setCell(9, 3, 0);
data.setCell(10, 0, 10)
data.setCell(10, 1, 'myTest')
data.setCell(10, 2, 'com.tripgain.hotaltestscripts.TCH_02_VerifySearchFunctionalityForHotalForFiveDays')
data.setCell(10, 3, 0);
data.setCell(11, 0, 11)
data.setCell(11, 1, 'myTest')
data.setCell(11, 2, 'com.tripgain.hotaltestscripts.TCH_01_VerifySearchFunctionalityForHotalForTwoDays')
data.setCell(11, 3, 0);
data.setCell(12, 0, 12)
data.setCell(12, 1, 'myTest')
data.setCell(12, 2, 'com.tripgain.hotaltestscripts.TCH_01_VerifySearchFunctionalityForHotalForTwoDays')
data.setCell(12, 3, 0);
data.setCell(13, 0, 13)
data.setCell(13, 1, 'myTest')
data.setCell(13, 2, 'com.tripgain.hotaltestscripts.TCH_06_VerifySearchByHotelAddressFunctionality')
data.setCell(13, 3, 0);
data.setCell(14, 0, 14)
data.setCell(14, 1, 'myTest')
data.setCell(14, 2, 'com.tripgain.hotaltestscripts.TCH_05_VerifySearchFunctionalityForHotalApplyingFliters')
data.setCell(14, 3, 0);
data.setCell(15, 0, 15)
data.setCell(15, 1, 'myTest')
data.setCell(15, 2, 'com.tripgain.hotaltestscripts.TCH_06_VerifySearchByHotelAddressFunctionality')
data.setCell(15, 3, 0);
window.suiteTableData['Suite']= { tableData: data, tableDiv: 'times-div-Suite'}
return data;
}
              </script>
              <span class="suite-total-time">Total running time: 3 seconds</span>
              <div id="times-div-Suite">
              </div> <!-- times-div-Suite -->
            </div> <!-- times-div -->
          </div> <!-- main-panel-content rounded-window-bottom -->
        </div> <!-- panel -->
        <div panel-name="reporter-Suite" class="panel">
          <div class="main-panel-header rounded-window-top">
            <span class="header-content">Reporter output for Suite</span>
          </div> <!-- main-panel-header rounded-window-top -->
          <div class="main-panel-content rounded-window-bottom">
          </div> <!-- main-panel-content rounded-window-bottom -->
        </div> <!-- panel -->
        <div panel-name="ignored-methods-Suite" class="panel">
          <div class="main-panel-header rounded-window-top">
            <span class="header-content">0 ignored methods</span>
          </div> <!-- main-panel-header rounded-window-top -->
          <div class="main-panel-content rounded-window-bottom">
          </div> <!-- main-panel-content rounded-window-bottom -->
        </div> <!-- panel -->
        <div panel-name="chronological-Suite" class="panel">
          <div class="main-panel-header rounded-window-top">
            <span class="header-content">Methods in chronological order</span>
          </div> <!-- main-panel-header rounded-window-top -->
          <div class="main-panel-content rounded-window-bottom">
            <div class="chronological-class">
              <div class="chronological-class-name">com.tripgain.hotaltestscripts.TCH_01_VerifySearchFunctionalityForHotalForTwoDays</div> <!-- chronological-class-name -->
              <div class="configuration-method before">
                <img src="failed.png">
                </img>
                <span class="method-name">launchApplication(edge, public void com.tripgain.hotaltestscripts.TCH_01_VerifySearchFunctionalityForHotalForTwoDays.m...)</span>
                <span class="method-start">0 ms</span>
              </div> <!-- configuration-method before -->
              <div class="test-method">
                <span class="method-name">myTest({roomCount=1, UserName=testtraveller98@tripgain.com, adultCount=2, TestRun=, ChildAge=1, index=1, ch...)</span>
                <span class="method-start">376 ms</span>
              </div> <!-- test-method -->
              <div class="configuration-method after">
                <span class="method-name">tearDown</span>
                <span class="method-start">382 ms</span>
              </div> <!-- configuration-method after -->
              <div class="configuration-method before">
                <img src="failed.png">
                </img>
                <span class="method-name">launchApplication(edge, public void com.tripgain.hotaltestscripts.TCH_01_VerifySearchFunctionalityForHotalForTwoDays.m...)</span>
                <span class="method-start">386 ms</span>
              </div> <!-- configuration-method before -->
              <div class="test-method">
                <span class="method-name">myTest({roomCount=2, UserName=testtraveller98@tripgain.com, adultCount=2, TestRun=, ChildAge=2, index=1, ch...)</span>
                <span class="method-start">478 ms</span>
              </div> <!-- test-method -->
              <div class="configuration-method after">
                <span class="method-name">tearDown</span>
                <span class="method-start">482 ms</span>
              </div> <!-- configuration-method after -->
            </div> <!-- chronological-class -->
            <div class="chronological-class">
              <div class="chronological-class-name">com.tripgain.hotaltestscripts.TCH_02_VerifySearchFunctionalityForHotalForFiveDays</div> <!-- chronological-class-name -->
              <div class="configuration-method before">
                <img src="failed.png">
                </img>
                <span class="method-name">launchApplication(edge, public void com.tripgain.hotaltestscripts.TCH_02_VerifySearchFunctionalityForHotalForFiveDays....)</span>
                <span class="method-start">561 ms</span>
              </div> <!-- configuration-method before -->
              <div class="test-method">
                <span class="method-name">myTest({roomCount=2, UserName=testtraveller98@tripgain.com, adultCount=3, TestRun=, ChildAge=1, index=1, ch...)</span>
                <span class="method-start">663 ms</span>
              </div> <!-- test-method -->
              <div class="configuration-method after">
                <span class="method-name">tearDown</span>
                <span class="method-start">665 ms</span>
              </div> <!-- configuration-method after -->
              <div class="configuration-method before">
                <img src="failed.png">
                </img>
                <span class="method-name">launchApplication(edge, public void com.tripgain.hotaltestscripts.TCH_02_VerifySearchFunctionalityForHotalForFiveDays....)</span>
                <span class="method-start">667 ms</span>
              </div> <!-- configuration-method before -->
              <div class="test-method">
                <span class="method-name">myTest({roomCount=2, UserName=testtraveller98@tripgain.com, adultCount=2, TestRun=, ChildAge=2, index=1, ch...)</span>
                <span class="method-start">769 ms</span>
              </div> <!-- test-method -->
              <div class="configuration-method after">
                <span class="method-name">tearDown</span>
                <span class="method-start">773 ms</span>
              </div> <!-- configuration-method after -->
            </div> <!-- chronological-class -->
            <div class="chronological-class">
              <div class="chronological-class-name">com.tripgain.hotaltestscripts.TCH_03_VerifySearchFunctionalityForHotalForTenDays</div> <!-- chronological-class-name -->
              <div class="configuration-method before">
                <img src="failed.png">
                </img>
                <span class="method-name">launchApplication(edge, public void com.tripgain.hotaltestscripts.TCH_03_VerifySearchFunctionalityForHotalForTenDays.m...)</span>
                <span class="method-start">847 ms</span>
              </div> <!-- configuration-method before -->
              <div class="test-method">
                <span class="method-name">myTest({roomCount=2, UserName=testtraveller98@tripgain.com, adultCount=3, TestRun=, ChildAge=1, index=1, ch...)</span>
                <span class="method-start">953 ms</span>
              </div> <!-- test-method -->
              <div class="configuration-method after">
                <span class="method-name">tearDown</span>
                <span class="method-start">957 ms</span>
              </div> <!-- configuration-method after -->
            </div> <!-- chronological-class -->
            <div class="chronological-class">
              <div class="chronological-class-name">com.tripgain.hotaltestscripts.TCH_04_VerifySearchFunctionalityForHotalForTwoDayTillBookingPage</div> <!-- chronological-class-name -->
              <div class="configuration-method before">
                <img src="failed.png">
                </img>
                <span class="method-name">launchApplication(edge, public void com.tripgain.hotaltestscripts.TCH_04_VerifySearchFunctionalityForHotalForTwoDayTil...)</span>
                <span class="method-start">1009 ms</span>
              </div> <!-- configuration-method before -->
              <div class="test-method">
                <span class="method-name">myTest({roomCount=1, UserName=testtraveller98@tripgain.com, adultCount=2, TestRun=, ChildAge=1, index=1, ch...)</span>
                <span class="method-start">1116 ms</span>
              </div> <!-- test-method -->
              <div class="configuration-method after">
                <span class="method-name">tearDown</span>
                <span class="method-start">1123 ms</span>
              </div> <!-- configuration-method after -->
              <div class="configuration-method before">
                <img src="failed.png">
                </img>
                <span class="method-name">launchApplication(edge, public void com.tripgain.hotaltestscripts.TCH_04_VerifySearchFunctionalityForHotalForTwoDayTil...)</span>
                <span class="method-start">1125 ms</span>
              </div> <!-- configuration-method before -->
              <div class="test-method">
                <span class="method-name">myTest({roomCount=2, UserName=testtraveller98@tripgain.com, adultCount=2, TestRun=, ChildAge=2, index=1, ch...)</span>
                <span class="method-start">1215 ms</span>
              </div> <!-- test-method -->
              <div class="configuration-method after">
                <span class="method-name">tearDown</span>
                <span class="method-start">1216 ms</span>
              </div> <!-- configuration-method after -->
            </div> <!-- chronological-class -->
            <div class="chronological-class">
              <div class="chronological-class-name">com.tripgain.hotaltestscripts.TCH_05_VerifySearchFunctionalityForHotalApplyingFliters</div> <!-- chronological-class-name -->
              <div class="configuration-method before">
                <img src="failed.png">
                </img>
                <span class="method-name">launchApplication(edge, public void com.tripgain.hotaltestscripts.TCH_05_VerifySearchFunctionalityForHotalApplyingFlit...)</span>
                <span class="method-start">1280 ms</span>
              </div> <!-- configuration-method before -->
              <div class="test-method">
                <span class="method-name">myTest({roomCount=1, Price : High to Low=Price : High to Low, UserName=testtraveller98@tripgain.com, adultC...)</span>
                <span class="method-start">1382 ms</span>
              </div> <!-- test-method -->
              <div class="configuration-method after">
                <span class="method-name">tearDown</span>
                <span class="method-start">1383 ms</span>
              </div> <!-- configuration-method after -->
              <div class="configuration-method before">
                <img src="failed.png">
                </img>
                <span class="method-name">launchApplication(edge, public void com.tripgain.hotaltestscripts.TCH_05_VerifySearchFunctionalityForHotalApplyingFlit...)</span>
                <span class="method-start">1385 ms</span>
              </div> <!-- configuration-method before -->
              <div class="test-method">
                <span class="method-name">myTest({roomCount=2, Price : High to Low=Price : High to Low, UserName=testtraveller98@tripgain.com, adultC...)</span>
                <span class="method-start">1480 ms</span>
              </div> <!-- test-method -->
              <div class="configuration-method after">
                <span class="method-name">tearDown</span>
                <span class="method-start">1483 ms</span>
              </div> <!-- configuration-method after -->
            </div> <!-- chronological-class -->
            <div class="chronological-class">
              <div class="chronological-class-name">com.tripgain.hotaltestscripts.TCH_06_VerifySearchByHotelAddressFunctionality</div> <!-- chronological-class-name -->
              <div class="configuration-method before">
                <img src="failed.png">
                </img>
                <span class="method-name">launchApplication(edge, public void com.tripgain.hotaltestscripts.TCH_06_VerifySearchByHotelAddressFunctionality.myTes...)</span>
                <span class="method-start">1534 ms</span>
              </div> <!-- configuration-method before -->
              <div class="test-method">
                <span class="method-name">myTest({roomCount=1, UserName=testtraveller98@tripgain.com, adultCount=2, ChildAge=1, index=1, childCount=0...)</span>
                <span class="method-start">1637 ms</span>
              </div> <!-- test-method -->
              <div class="configuration-method after">
                <span class="method-name">tearDown</span>
                <span class="method-start">1639 ms</span>
              </div> <!-- configuration-method after -->
              <div class="configuration-method before">
                <img src="failed.png">
                </img>
                <span class="method-name">launchApplication(edge, public void com.tripgain.hotaltestscripts.TCH_06_VerifySearchByHotelAddressFunctionality.myTes...)</span>
                <span class="method-start">1639 ms</span>
              </div> <!-- configuration-method before -->
              <div class="test-method">
                <span class="method-name">myTest({roomCount=2, UserName=testtraveller98@tripgain.com, adultCount=2, ChildAge=2, index=1, childCount=1...)</span>
                <span class="method-start">1734 ms</span>
              </div> <!-- test-method -->
              <div class="configuration-method after">
                <span class="method-name">tearDown</span>
                <span class="method-start">1736 ms</span>
              </div> <!-- configuration-method after -->
              <div class="configuration-method before">
                <img src="failed.png">
                </img>
                <span class="method-name">launchApplication(edge, public void com.tripgain.hotaltestscripts.TCH_06_VerifySearchByHotelAddressFunctionality.myTes...)</span>
                <span class="method-start">1737 ms</span>
              </div> <!-- configuration-method before -->
              <div class="test-method">
                <span class="method-name">myTest({roomCount=2, UserName=testtraveller98@tripgain.com, adultCount=1, ChildAge=2, index=1, childCount=1...)</span>
                <span class="method-start">1857 ms</span>
              </div> <!-- test-method -->
              <div class="configuration-method after">
                <span class="method-name">tearDown</span>
                <span class="method-start">1859 ms</span>
              </div> <!-- configuration-method after -->
            </div> <!-- chronological-class -->
            <div class="chronological-class">
              <div class="chronological-class-name">com.tripgain.hotaltestscripts.TCH_07_VerifySearchByHotelCurrency</div> <!-- chronological-class-name -->
              <div class="configuration-method before">
                <img src="failed.png">
                </img>
                <span class="method-name">launchApplication(edge, public void com.tripgain.hotaltestscripts.TCH_07_VerifySearchByHotelCurrency.myTest(java.util....)</span>
                <span class="method-start">1898 ms</span>
              </div> <!-- configuration-method before -->
              <div class="test-method">
                <span class="method-name">myTest({roomCount=1, UserRating=Excellent: 4+, UserRatingNumber=4, UserName=testtraveller98@tripgain.com, a...)</span>
                <span class="method-start">1989 ms</span>
              </div> <!-- test-method -->
              <div class="configuration-method before">
                <img src="failed.png">
                </img>
                <span class="method-name">launchApplication(edge, public void com.tripgain.hotaltestscripts.TCH_07_VerifySearchByHotelCurrency.myTest(java.util....)</span>
                <span class="method-start">1990 ms</span>
              </div> <!-- configuration-method before -->
              <div class="configuration-method after">
                <span class="method-name">tearDown</span>
                <span class="method-start">1990 ms</span>
              </div> <!-- configuration-method after -->
              <div class="test-method">
                <span class="method-name">myTest({roomCount=1, UserRating=Very Good: 3.5+, UserRatingNumber=3.5, UserName=testtraveller98@tripgain.co...)</span>
                <span class="method-start">2084 ms</span>
              </div> <!-- test-method -->
              <div class="configuration-method after">
                <span class="method-name">tearDown</span>
                <span class="method-start">2086 ms</span>
              </div> <!-- configuration-method after -->
            </div> <!-- chronological-class -->
            <div class="chronological-class">
              <div class="chronological-class-name">com.tripgain.hotaltestscripts.TCH_08_VerifySearchByHotel</div> <!-- chronological-class-name -->
              <div class="configuration-method before">
                <img src="failed.png">
                </img>
                <span class="method-name">launchApplication(edge, public void com.tripgain.hotaltestscripts.TCH_08_VerifySearchByHotel.myTest(java.util.Map) thr...)</span>
                <span class="method-start">2123 ms</span>
              </div> <!-- configuration-method before -->
              <div class="test-method">
                <span class="method-name">myTest({roomCount=1, Policy=In Policy, UserName=testtraveller98@tripgain.com, adultCount=2, TestRun=, Child...)</span>
                <span class="method-start">2232 ms</span>
              </div> <!-- test-method -->
              <div class="configuration-method after">
                <span class="method-name">tearDown</span>
                <span class="method-start">2236 ms</span>
              </div> <!-- configuration-method after -->
              <div class="configuration-method before">
                <img src="failed.png">
                </img>
                <span class="method-name">launchApplication(edge, public void com.tripgain.hotaltestscripts.TCH_08_VerifySearchByHotel.myTest(java.util.Map) thr...)</span>
                <span class="method-start">2237 ms</span>
              </div> <!-- configuration-method before -->
              <div class="test-method">
                <span class="method-name">myTest({roomCount=2, Policy=In Policy, UserName=testtraveller98@tripgain.com, adultCount=2, TestRun=, Child...)</span>
                <span class="method-start">2336 ms</span>
              </div> <!-- test-method -->
              <div class="configuration-method after">
                <span class="method-name">tearDown</span>
                <span class="method-start">2337 ms</span>
              </div> <!-- configuration-method after -->
          </div> <!-- main-panel-content rounded-window-bottom -->
        </div> <!-- panel -->
      </div> <!-- main-panel-root -->
    </div> <!-- wrapper -->
  </body>
<script type="text/javascript" src="testng-reports2.js"></script>
</html>
